{"C:\\Users\\andob\\Documents\\SAE\\Env_Docker\\GIMAO\\frontend\\src\\components\\EquipmentListComponent.vue": {"path":"C:\\Users\\andob\\Documents\\SAE\\Env_Docker\\GIMAO\\frontend\\src\\components\\EquipmentListComponent.vue","statementMap":{"0":{"start":{"line":60,"column":14},"end":{"line":60,"column":null}},"1":{"start":{"line":122,"column":13},"end":{"line":122,"column":97}},"2":{"start":{"line":124,"column":21},"end":{"line":124,"column":42}},"3":{"start":{"line":125,"column":20},"end":{"line":125,"column":41}},"4":{"start":{"line":126,"column":17},"end":{"line":126,"column":38}},"5":{"start":{"line":128,"column":20},"end":{"line":128,"column":28}},"6":{"start":{"line":129,"column":20},"end":{"line":129,"column":28}},"7":{"start":{"line":130,"column":19},"end":{"line":130,"column":26}},"8":{"start":{"line":131,"column":16},"end":{"line":131,"column":24}},"9":{"start":{"line":132,"column":18},"end":{"line":132,"column":25}},"10":{"start":{"line":133,"column":20},"end":{"line":133,"column":28}},"11":{"start":{"line":134,"column":24},"end":{"line":134,"column":41}},"12":{"start":{"line":136,"column":23},"end":{"line":136,"column":27}},"13":{"start":{"line":138,"column":17},"end":{"line":138,"column":71}},"14":{"start":{"line":138,"column":32},"end":{"line":138,"column":70}},"15":{"start":{"line":139,"column":23},"end":{"line":139,"column":74}},"16":{"start":{"line":139,"column":38},"end":{"line":139,"column":73}},"17":{"start":{"line":140,"column":15},"end":{"line":143,"column":1}},"18":{"start":{"line":142,"column":4},"end":{"line":142,"column":88}},"19":{"start":{"line":144,"column":18},"end":{"line":144,"column":92}},"20":{"start":{"line":144,"column":34},"end":{"line":144,"column":91}},"21":{"start":{"line":146,"column":22},"end":{"line":151,"column":2}},"22":{"start":{"line":147,"column":2},"end":{"line":149,"column":3}},"23":{"start":{"line":148,"column":4},"end":{"line":148,"column":30}},"24":{"start":{"line":150,"column":2},"end":{"line":150,"column":29}},"25":{"start":{"line":153,"column":30},"end":{"line":177,"column":1}},"26":{"start":{"line":154,"column":2},"end":{"line":156,"column":3}},"27":{"start":{"line":155,"column":4},"end":{"line":155,"column":14}},"28":{"start":{"line":158,"column":17},"end":{"line":161,"column":3}},"29":{"start":{"line":163,"column":22},"end":{"line":163,"column":47}},"30":{"start":{"line":164,"column":2},"end":{"line":166,"column":3}},"31":{"start":{"line":165,"column":4},"end":{"line":165,"column":32}},"32":{"start":{"line":168,"column":2},"end":{"line":170,"column":3}},"33":{"start":{"line":169,"column":4},"end":{"line":169,"column":58}},"34":{"start":{"line":172,"column":2},"end":{"line":174,"column":3}},"35":{"start":{"line":173,"column":4},"end":{"line":173,"column":57}},"36":{"start":{"line":176,"column":2},"end":{"line":176,"column":16}},"37":{"start":{"line":179,"column":24},"end":{"line":188,"column":1}},"38":{"start":{"line":180,"column":19},"end":{"line":182,"column":56}},"39":{"start":{"line":183,"column":15},"end":{"line":183,"column":38}},"40":{"start":{"line":185,"column":2},"end":{"line":185,"column":29}},"41":{"start":{"line":186,"column":2},"end":{"line":186,"column":90}},"42":{"start":{"line":187,"column":2},"end":{"line":187,"column":35}},"43":{"start":{"line":190,"column":25},"end":{"line":198,"column":1}},"44":{"start":{"line":191,"column":46},"end":{"line":194,"column":4}},"45":{"start":{"line":196,"column":2},"end":{"line":196,"column":60}},"46":{"start":{"line":197,"column":2},"end":{"line":197,"column":54}},"47":{"start":{"line":200,"column":18},"end":{"line":207,"column":1}},"48":{"start":{"line":201,"column":2},"end":{"line":206,"column":3}},"49":{"start":{"line":202,"column":4},"end":{"line":202,"column":63}},"50":{"start":{"line":204,"column":4},"end":{"line":204,"column":67}},"51":{"start":{"line":205,"column":4},"end":{"line":205,"column":65}},"52":{"start":{"line":209,"column":33},"end":{"line":218,"column":1}},"53":{"start":{"line":210,"column":2},"end":{"line":213,"column":3}},"54":{"start":{"line":211,"column":4},"end":{"line":211,"column":26}},"55":{"start":{"line":212,"column":4},"end":{"line":212,"column":11}},"56":{"start":{"line":214,"column":2},"end":{"line":217,"column":5}},"57":{"start":{"line":215,"column":4},"end":{"line":215,"column":71}},"58":{"start":{"line":216,"column":4},"end":{"line":216,"column":69}},"59":{"start":{"line":220,"column":21},"end":{"line":234,"column":1}},"60":{"start":{"line":221,"column":2},"end":{"line":223,"column":3}},"61":{"start":{"line":222,"column":4},"end":{"line":222,"column":11}},"62":{"start":{"line":225,"column":2},"end":{"line":225,"column":86}},"63":{"start":{"line":227,"column":2},"end":{"line":229,"column":3}},"64":{"start":{"line":228,"column":4},"end":{"line":228,"column":35}},"65":{"start":{"line":231,"column":2},"end":{"line":233,"column":10}},"66":{"start":{"line":232,"column":4},"end":{"line":232,"column":31}},"67":{"start":{"line":236,"column":0},"end":{"line":244,"column":3}},"68":{"start":{"line":237,"column":2},"end":{"line":239,"column":3}},"69":{"start":{"line":238,"column":4},"end":{"line":238,"column":11}},"70":{"start":{"line":240,"column":2},"end":{"line":243,"column":5}},"71":{"start":{"line":241,"column":4},"end":{"line":241,"column":71}},"72":{"start":{"line":242,"column":4},"end":{"line":242,"column":69}},"73":{"start":{"line":246,"column":0},"end":{"line":251,"column":3}},"74":{"start":{"line":247,"column":2},"end":{"line":249,"column":3}},"75":{"start":{"line":248,"column":4},"end":{"line":248,"column":11}},"76":{"start":{"line":250,"column":2},"end":{"line":250,"column":29}},"77":{"start":{"line":253,"column":0},"end":{"line":261,"column":2}},"78":{"start":{"line":254,"column":8},"end":{"line":254,"column":79}},"79":{"start":{"line":256,"column":4},"end":{"line":258,"column":5}},"80":{"start":{"line":257,"column":6},"end":{"line":257,"column":13}},"81":{"start":{"line":259,"column":4},"end":{"line":259,"column":31}},"82":{"start":{"line":263,"column":0},"end":{"line":268,"column":3}},"83":{"start":{"line":270,"column":0},"end":{"line":272,"column":3}},"84":{"start":{"line":271,"column":2},"end":{"line":271,"column":14}},"85":{"start":{"line":274,"column":0},"end":{"line":278,"column":3}},"86":{"start":{"line":275,"column":2},"end":{"line":277,"column":3}},"87":{"start":{"line":276,"column":4},"end":{"line":276,"column":35}},"88":{"start":{"line":2,"column":2},"end":{"line":1,"column":null}},"89":{"start":{"line":16,"column":16},"end":{"line":16,"column":null}},"90":{"start":{"line":17,"column":18},"end":{"line":17,"column":null}},"91":{"start":{"line":20,"column":41},"end":{"line":1,"column":null}},"92":{"start":{"line":27,"column":48},"end":{"line":27,"column":48}},"93":{"start":{"line":32,"column":6},"end":{"line":32,"column":15}},"94":{"start":{"line":46,"column":8},"end":{"line":45,"column":null}},"95":{"start":{"line":44,"column":22},"end":{"line":44,"column":42}},"96":{"start":{"line":45,"column":27},"end":{"line":45,"column":44}}},"fnMap":{"0":{"name":"(anonymous_0)","decl":{"start":{"line":138,"column":27},"end":{"line":138,"column":28}},"loc":{"start":{"line":138,"column":32},"end":{"line":138,"column":70}},"line":138},"1":{"name":"(anonymous_1)","decl":{"start":{"line":139,"column":33},"end":{"line":139,"column":34}},"loc":{"start":{"line":139,"column":38},"end":{"line":139,"column":73}},"line":139},"2":{"name":"(anonymous_2)","decl":{"start":{"line":141,"column":2},"end":{"line":141,"column":3}},"loc":{"start":{"line":142,"column":4},"end":{"line":142,"column":88}},"line":142},"3":{"name":"(anonymous_3)","decl":{"start":{"line":144,"column":28},"end":{"line":144,"column":29}},"loc":{"start":{"line":144,"column":34},"end":{"line":144,"column":91}},"line":144},"4":{"name":"(anonymous_4)","decl":{"start":{"line":146,"column":32},"end":{"line":146,"column":33}},"loc":{"start":{"line":146,"column":38},"end":{"line":151,"column":1}},"line":146},"5":{"name":"(anonymous_5)","decl":{"start":{"line":153,"column":30},"end":{"line":153,"column":31}},"loc":{"start":{"line":153,"column":36},"end":{"line":177,"column":1}},"line":153},"6":{"name":"(anonymous_6)","decl":{"start":{"line":179,"column":24},"end":{"line":179,"column":29}},"loc":{"start":{"line":179,"column":36},"end":{"line":188,"column":1}},"line":179},"7":{"name":"(anonymous_7)","decl":{"start":{"line":190,"column":25},"end":{"line":190,"column":30}},"loc":{"start":{"line":190,"column":37},"end":{"line":198,"column":1}},"line":190},"8":{"name":"(anonymous_8)","decl":{"start":{"line":200,"column":18},"end":{"line":200,"column":23}},"loc":{"start":{"line":200,"column":30},"end":{"line":207,"column":1}},"line":200},"9":{"name":"(anonymous_9)","decl":{"start":{"line":209,"column":33},"end":{"line":209,"column":34}},"loc":{"start":{"line":209,"column":39},"end":{"line":218,"column":1}},"line":209},"10":{"name":"(anonymous_10)","decl":{"start":{"line":214,"column":26},"end":{"line":214,"column":27}},"loc":{"start":{"line":214,"column":37},"end":{"line":217,"column":3}},"line":214},"11":{"name":"(anonymous_11)","decl":{"start":{"line":220,"column":21},"end":{"line":220,"column":22}},"loc":{"start":{"line":220,"column":32},"end":{"line":234,"column":1}},"line":220},"12":{"name":"(anonymous_12)","decl":{"start":{"line":231,"column":32},"end":{"line":231,"column":33}},"loc":{"start":{"line":231,"column":38},"end":{"line":233,"column":3}},"line":231},"13":{"name":"(anonymous_13)","decl":{"start":{"line":236,"column":19},"end":{"line":236,"column":20}},"loc":{"start":{"line":236,"column":25},"end":{"line":244,"column":1}},"line":236},"14":{"name":"(anonymous_14)","decl":{"start":{"line":240,"column":26},"end":{"line":240,"column":27}},"loc":{"start":{"line":240,"column":37},"end":{"line":243,"column":3}},"line":240},"15":{"name":"(anonymous_15)","decl":{"start":{"line":246,"column":16},"end":{"line":246,"column":17}},"loc":{"start":{"line":246,"column":22},"end":{"line":251,"column":1}},"line":246},"16":{"name":"(anonymous_16)","decl":{"start":{"line":254,"column":2},"end":{"line":254,"column":3}},"loc":{"start":{"line":254,"column":8},"end":{"line":254,"column":79}},"line":254},"17":{"name":"(anonymous_17)","decl":{"start":{"line":255,"column":2},"end":{"line":255,"column":3}},"loc":{"start":{"line":255,"column":8},"end":{"line":260,"column":3}},"line":255},"18":{"name":"(anonymous_18)","decl":{"start":{"line":270,"column":10},"end":{"line":270,"column":11}},"loc":{"start":{"line":270,"column":16},"end":{"line":272,"column":1}},"line":270},"19":{"name":"(anonymous_19)","decl":{"start":{"line":274,"column":16},"end":{"line":274,"column":17}},"loc":{"start":{"line":274,"column":22},"end":{"line":278,"column":1}},"line":274},"20":{"name":"(anonymous_20)","decl":{"start":{"line":16,"column":14},"end":{"line":16,"column":16}},"loc":{"start":{"line":16,"column":16},"end":{"line":16,"column":null}},"line":16},"21":{"name":"(anonymous_21)","decl":{"start":{"line":17,"column":16},"end":{"line":17,"column":18}},"loc":{"start":{"line":17,"column":18},"end":{"line":17,"column":null}},"line":17},"22":{"name":"(anonymous_22)","decl":{"start":{"line":21,"column":6},"end":{"line":21,"column":null}},"loc":{"start":{"line":20,"column":41},"end":{"line":1,"column":null}},"line":20},"23":{"name":"(anonymous_23)","decl":{"start":{"line":27,"column":8},"end":{"line":27,"column":11}},"loc":{"start":{"line":27,"column":48},"end":{"line":27,"column":48}},"line":27},"24":{"name":"(anonymous_24)","decl":{"start":{"line":30,"column":66},"end":{"line":30,"column":null}},"loc":{"start":{"line":32,"column":6},"end":{"line":32,"column":15}},"line":32},"25":{"name":"(anonymous_25)","decl":{"start":{"line":36,"column":6},"end":{"line":36,"column":null}},"loc":{"start":{"line":46,"column":8},"end":{"line":45,"column":null}},"line":46},"26":{"name":"(anonymous_26)","decl":{"start":{"line":44,"column":20},"end":{"line":44,"column":22}},"loc":{"start":{"line":44,"column":22},"end":{"line":44,"column":42}},"line":44},"27":{"name":"(anonymous_27)","decl":{"start":{"line":45,"column":25},"end":{"line":45,"column":27}},"loc":{"start":{"line":45,"column":27},"end":{"line":45,"column":44}},"line":45}},"branchMap":{"0":{"loc":{"start":{"line":142,"column":4},"end":{"line":142,"column":88}},"type":"binary-expr","locations":[{"start":{"line":142,"column":4},"end":{"line":142,"column":31}},{"start":{"line":142,"column":35},"end":{"line":142,"column":61}},{"start":{"line":142,"column":65},"end":{"line":142,"column":88}}],"line":142},"1":{"loc":{"start":{"line":147,"column":2},"end":{"line":149,"column":3}},"type":"if","locations":[{"start":{"line":147,"column":2},"end":{"line":149,"column":3}},{"start":{},"end":{}}],"line":147},"2":{"loc":{"start":{"line":147,"column":6},"end":{"line":147,"column":52}},"type":"binary-expr","locations":[{"start":{"line":147,"column":6},"end":{"line":147,"column":28}},{"start":{"line":147,"column":32},"end":{"line":147,"column":52}}],"line":147},"3":{"loc":{"start":{"line":154,"column":2},"end":{"line":156,"column":3}},"type":"if","locations":[{"start":{"line":154,"column":2},"end":{"line":156,"column":3}},{"start":{},"end":{}}],"line":154},"4":{"loc":{"start":{"line":164,"column":2},"end":{"line":166,"column":3}},"type":"if","locations":[{"start":{"line":164,"column":2},"end":{"line":166,"column":3}},{"start":{},"end":{}}],"line":164},"5":{"loc":{"start":{"line":168,"column":2},"end":{"line":170,"column":3}},"type":"if","locations":[{"start":{"line":168,"column":2},"end":{"line":170,"column":3}},{"start":{},"end":{}}],"line":168},"6":{"loc":{"start":{"line":172,"column":2},"end":{"line":174,"column":3}},"type":"if","locations":[{"start":{"line":172,"column":2},"end":{"line":174,"column":3}},{"start":{},"end":{}}],"line":172},"7":{"loc":{"start":{"line":180,"column":19},"end":{"line":182,"column":56}},"type":"cond-expr","locations":[{"start":{"line":181,"column":6},"end":{"line":181,"column":70}},{"start":{"line":182,"column":6},"end":{"line":182,"column":56}}],"line":180},"8":{"loc":{"start":{"line":186,"column":21},"end":{"line":186,"column":89}},"type":"cond-expr","locations":[{"start":{"line":186,"column":46},"end":{"line":186,"column":74}},{"start":{"line":186,"column":77},"end":{"line":186,"column":89}}],"line":186},"9":{"loc":{"start":{"line":186,"column":53},"end":{"line":186,"column":73}},"type":"binary-expr","locations":[{"start":{"line":186,"column":53},"end":{"line":186,"column":68}},{"start":{"line":186,"column":72},"end":{"line":186,"column":73}}],"line":186},"10":{"loc":{"start":{"line":210,"column":2},"end":{"line":213,"column":3}},"type":"if","locations":[{"start":{"line":210,"column":2},"end":{"line":213,"column":3}},{"start":{},"end":{}}],"line":210},"11":{"loc":{"start":{"line":221,"column":2},"end":{"line":223,"column":3}},"type":"if","locations":[{"start":{"line":221,"column":2},"end":{"line":223,"column":3}},{"start":{},"end":{}}],"line":221},"12":{"loc":{"start":{"line":225,"column":23},"end":{"line":225,"column":85}},"type":"cond-expr","locations":[{"start":{"line":225,"column":51},"end":{"line":225,"column":56}},{"start":{"line":225,"column":59},"end":{"line":225,"column":85}}],"line":225},"13":{"loc":{"start":{"line":225,"column":59},"end":{"line":225,"column":85}},"type":"binary-expr","locations":[{"start":{"line":225,"column":59},"end":{"line":225,"column":79}},{"start":{"line":225,"column":83},"end":{"line":225,"column":85}}],"line":225},"14":{"loc":{"start":{"line":227,"column":2},"end":{"line":229,"column":3}},"type":"if","locations":[{"start":{"line":227,"column":2},"end":{"line":229,"column":3}},{"start":{},"end":{}}],"line":227},"15":{"loc":{"start":{"line":237,"column":2},"end":{"line":239,"column":3}},"type":"if","locations":[{"start":{"line":237,"column":2},"end":{"line":239,"column":3}},{"start":{},"end":{}}],"line":237},"16":{"loc":{"start":{"line":247,"column":2},"end":{"line":249,"column":3}},"type":"if","locations":[{"start":{"line":247,"column":2},"end":{"line":249,"column":3}},{"start":{},"end":{}}],"line":247},"17":{"loc":{"start":{"line":256,"column":4},"end":{"line":258,"column":5}},"type":"if","locations":[{"start":{"line":256,"column":4},"end":{"line":258,"column":5}},{"start":{},"end":{}}],"line":256},"18":{"loc":{"start":{"line":275,"column":2},"end":{"line":277,"column":3}},"type":"if","locations":[{"start":{"line":275,"column":2},"end":{"line":277,"column":3}},{"start":{},"end":{}}],"line":275},"19":{"loc":{"start":{"line":10,"column":19},"end":{"line":10,"column":62}},"type":"cond-expr","locations":[{"start":{"line":10,"column":38},"end":{"line":10,"column":50}},{"start":{"line":10,"column":53},"end":{"line":10,"column":62}}],"line":10},"20":{"loc":{"start":{"line":12,"column":21},"end":{"line":12,"column":null}},"type":"cond-expr","locations":[{"start":{"line":12,"column":37},"end":{"line":12,"column":null}},{"start":{"line":12,"column":37},"end":{"line":12,"column":null}}],"line":12},"21":{"loc":{"start":{"line":16,"column":14},"end":{"line":16,"column":null}},"type":"binary-expr","locations":[{"start":{"line":16,"column":14},"end":{"line":16,"column":16}},{"start":{"line":16,"column":14},"end":{"line":16,"column":null}}],"line":16},"22":{"loc":{"start":{"line":17,"column":16},"end":{"line":17,"column":null}},"type":"binary-expr","locations":[{"start":{"line":17,"column":16},"end":{"line":17,"column":18}},{"start":{"line":17,"column":16},"end":{"line":17,"column":null}}],"line":17},"23":{"loc":{"start":{"line":22,"column":14},"end":{"line":1,"column":null}},"type":"cond-expr","locations":[{"start":{"line":21,"column":6},"end":{"line":1,"column":null}},{"start":{"line":30,"column":6},"end":{"line":1,"column":null}}],"line":22},"24":{"loc":{"start":{"line":22,"column":14},"end":{"line":22,"column":47}},"type":"binary-expr","locations":[{"start":{"line":22,"column":14},"end":{"line":22,"column":25}},{"start":{"line":22,"column":29},"end":{"line":22,"column":47}}],"line":22},"25":{"loc":{"start":{"line":32,"column":6},"end":{"line":32,"column":15}},"type":"binary-expr","locations":[{"start":{"line":32,"column":6},"end":{"line":32,"column":15}},{"start":{"line":32,"column":6},"end":{"line":32,"column":15}}],"line":32},"26":{"loc":{"start":{"line":35,"column":20},"end":{"line":1,"column":null}},"type":"cond-expr","locations":[{"start":{"line":1,"column":0},"end":{"line":1,"column":null}}],"line":35},"27":{"loc":{"start":{"line":44,"column":20},"end":{"line":44,"column":null}},"type":"binary-expr","locations":[{"start":{"line":44,"column":20},"end":{"line":44,"column":22}},{"start":{"line":44,"column":20},"end":{"line":44,"column":null}}],"line":44},"28":{"loc":{"start":{"line":45,"column":25},"end":{"line":45,"column":null}},"type":"binary-expr","locations":[{"start":{"line":45,"column":25},"end":{"line":45,"column":27}},{"start":{"line":45,"column":25},"end":{"line":45,"column":null}}],"line":45}},"s":{"0":3,"1":3,"2":3,"3":3,"4":3,"5":3,"6":3,"7":3,"8":3,"9":3,"10":3,"11":3,"12":3,"13":3,"14":0,"15":3,"16":0,"17":3,"18":15,"19":3,"20":5,"21":3,"22":5,"23":5,"24":0,"25":3,"26":3,"27":0,"28":3,"29":3,"30":3,"31":0,"32":3,"33":0,"34":3,"35":0,"36":3,"37":3,"38":3,"39":0,"40":0,"41":0,"42":3,"43":3,"44":3,"45":3,"46":3,"47":3,"48":3,"49":3,"50":1,"51":1,"52":3,"53":0,"54":0,"55":0,"56":0,"57":0,"58":0,"59":3,"60":0,"61":0,"62":0,"63":0,"64":0,"65":0,"66":0,"67":3,"68":0,"69":0,"70":0,"71":0,"72":0,"73":3,"74":0,"75":0,"76":0,"77":3,"78":3,"79":0,"80":0,"81":0,"82":3,"83":3,"84":3,"85":3,"86":3,"87":0,"88":12,"89":0,"90":0,"91":4,"92":4,"93":0,"94":12,"95":0,"96":0},"f":{"0":0,"1":0,"2":15,"3":5,"4":5,"5":3,"6":3,"7":3,"8":3,"9":0,"10":0,"11":0,"12":0,"13":0,"14":0,"15":0,"16":3,"17":0,"18":3,"19":3,"20":0,"21":0,"22":4,"23":4,"24":0,"25":12,"26":0,"27":0},"b":{"0":[15,12,9],"1":[5,0],"2":[5,0],"3":[0,3],"4":[0,3],"5":[0,3],"6":[0,3],"7":[3,0],"8":[2,0],"9":[2,0],"10":[0,0],"11":[0,0],"12":[0,0],"13":[0,0],"14":[0,0],"15":[0,0],"16":[0,0],"17":[0,0],"18":[0,3],"19":[12,0],"20":[12,0],"21":[12,3],"22":[12,3],"23":[4,0],"24":[4,4],"25":[0,0],"26":[12],"27":[12,3],"28":[12,3]},"meta":{"lastBranch":29,"lastFunction":28,"lastStatement":97,"seen":{"s:60:14:60:Infinity":0,"s:122:13:122:97":1,"s:124:21:124:42":2,"s:125:20:125:41":3,"s:126:17:126:38":4,"s:128:20:128:28":5,"s:129:20:129:28":6,"s:130:19:130:26":7,"s:131:16:131:24":8,"s:132:18:132:25":9,"s:133:20:133:28":10,"s:134:24:134:41":11,"s:136:23:136:27":12,"s:138:17:138:71":13,"f:138:27:138:28":0,"s:138:32:138:70":14,"s:139:23:139:74":15,"f:139:33:139:34":1,"s:139:38:139:73":16,"s:140:15:143:1":17,"f:141:2:141:3":2,"s:142:4:142:88":18,"b:142:4:142:31:142:35:142:61:142:65:142:88":0,"s:144:18:144:92":19,"f:144:28:144:29":3,"s:144:34:144:91":20,"s:146:22:151:2":21,"f:146:32:146:33":4,"b:147:2:149:3:undefined:undefined:undefined:undefined":1,"s:147:2:149:3":22,"b:147:6:147:28:147:32:147:52":2,"s:148:4:148:30":23,"s:150:2:150:29":24,"s:153:30:177:1":25,"f:153:30:153:31":5,"b:154:2:156:3:undefined:undefined:undefined:undefined":3,"s:154:2:156:3":26,"s:155:4:155:14":27,"s:158:17:161:3":28,"s:163:22:163:47":29,"b:164:2:166:3:undefined:undefined:undefined:undefined":4,"s:164:2:166:3":30,"s:165:4:165:32":31,"b:168:2:170:3:undefined:undefined:undefined:undefined":5,"s:168:2:170:3":32,"s:169:4:169:58":33,"b:172:2:174:3:undefined:undefined:undefined:undefined":6,"s:172:2:174:3":34,"s:173:4:173:57":35,"s:176:2:176:16":36,"s:179:24:188:1":37,"f:179:24:179:29":6,"s:180:19:182:56":38,"b:181:6:181:70:182:6:182:56":7,"s:183:15:183:38":39,"s:185:2:185:29":40,"s:186:2:186:90":41,"b:186:46:186:74:186:77:186:89":8,"b:186:53:186:68:186:72:186:73":9,"s:187:2:187:35":42,"s:190:25:198:1":43,"f:190:25:190:30":7,"s:191:46:194:4":44,"s:196:2:196:60":45,"s:197:2:197:54":46,"s:200:18:207:1":47,"f:200:18:200:23":8,"s:201:2:206:3":48,"s:202:4:202:63":49,"s:204:4:204:67":50,"s:205:4:205:65":51,"s:209:33:218:1":52,"f:209:33:209:34":9,"b:210:2:213:3:undefined:undefined:undefined:undefined":10,"s:210:2:213:3":53,"s:211:4:211:26":54,"s:212:4:212:11":55,"s:214:2:217:5":56,"f:214:26:214:27":10,"s:215:4:215:71":57,"s:216:4:216:69":58,"s:220:21:234:1":59,"f:220:21:220:22":11,"b:221:2:223:3:undefined:undefined:undefined:undefined":11,"s:221:2:223:3":60,"s:222:4:222:11":61,"s:225:2:225:86":62,"b:225:51:225:56:225:59:225:85":12,"b:225:59:225:79:225:83:225:85":13,"b:227:2:229:3:undefined:undefined:undefined:undefined":14,"s:227:2:229:3":63,"s:228:4:228:35":64,"s:231:2:233:10":65,"f:231:32:231:33":12,"s:232:4:232:31":66,"s:236:0:244:3":67,"f:236:19:236:20":13,"b:237:2:239:3:undefined:undefined:undefined:undefined":15,"s:237:2:239:3":68,"s:238:4:238:11":69,"s:240:2:243:5":70,"f:240:26:240:27":14,"s:241:4:241:71":71,"s:242:4:242:69":72,"s:246:0:251:3":73,"f:246:16:246:17":15,"b:247:2:249:3:undefined:undefined:undefined:undefined":16,"s:247:2:249:3":74,"s:248:4:248:11":75,"s:250:2:250:29":76,"s:253:0:261:2":77,"f:254:2:254:3":16,"s:254:8:254:79":78,"f:255:2:255:3":17,"b:256:4:258:5:undefined:undefined:undefined:undefined":17,"s:256:4:258:5":79,"s:257:6:257:13":80,"s:259:4:259:31":81,"s:263:0:268:3":82,"s:270:0:272:3":83,"f:270:10:270:11":18,"s:271:2:271:14":84,"s:274:0:278:3":85,"f:274:16:274:17":19,"b:275:2:277:3:undefined:undefined:undefined:undefined":18,"s:275:2:277:3":86,"s:276:4:276:35":87,"s:2:2:1:Infinity":88,"b:10:38:10:50:10:53:10:62":19,"b:12:37:12:Infinity:12:37:12:Infinity":20,"b:16:14:16:16:16:14:16:Infinity":21,"f:16:14:16:16":20,"s:16:16:16:Infinity":89,"b:17:16:17:18:17:16:17:Infinity":22,"f:17:16:17:18":21,"s:17:18:17:Infinity":90,"f:21:6:21:Infinity":22,"s:20:41:1:Infinity":91,"b:21:6:1:Infinity:30:6:1:Infinity":23,"b:22:14:22:25:22:29:22:47":24,"f:27:8:27:11":23,"s:27:48:27:48":92,"f:30:66:30:Infinity":24,"s:32:6:32:15":93,"b:32:6:32:15:32:6:32:15":25,"b:1:0:1:Infinity":26,"f:36:6:36:Infinity":25,"s:46:8:45:Infinity":94,"b:44:20:44:22:44:20:44:Infinity":27,"f:44:20:44:22":26,"s:44:22:44:42":95,"b:45:25:45:27:45:25:45:Infinity":28,"f:45:25:45:27":27,"s:45:27:45:44":96}}}
,"C:\\Users\\andob\\Documents\\SAE\\Env_Docker\\GIMAO\\frontend\\src\\components\\Forms\\ConsommableForm.vue": {"path":"C:\\Users\\andob\\Documents\\SAE\\Env_Docker\\GIMAO\\frontend\\src\\components\\Forms\\ConsommableForm.vue","statementMap":{"0":{"start":{"line":52,"column":14},"end":{"line":52,"column":null}},"1":{"start":{"line":59,"column":13},"end":{"line":59,"column":57}},"2":{"start":{"line":61,"column":16},"end":{"line":65,"column":2}},"3":{"start":{"line":67,"column":14},"end":{"line":67,"column":50}},"4":{"start":{"line":67,"column":30},"end":{"line":67,"column":49}},"5":{"start":{"line":69,"column":25},"end":{"line":72,"column":1}},"6":{"start":{"line":74,"column":15},"end":{"line":74,"column":26}},"7":{"start":{"line":75,"column":20},"end":{"line":75,"column":28}},"8":{"start":{"line":76,"column":22},"end":{"line":76,"column":30}},"9":{"start":{"line":78,"column":14},"end":{"line":80,"column":1}},"10":{"start":{"line":79,"column":4},"end":{"line":79,"column":17}},"11":{"start":{"line":82,"column":25},"end":{"line":84,"column":1}},"12":{"start":{"line":83,"column":4},"end":{"line":83,"column":46}},"13":{"start":{"line":86,"column":17},"end":{"line":94,"column":1}},"14":{"start":{"line":87,"column":4},"end":{"line":93,"column":5}},"15":{"start":{"line":88,"column":8},"end":{"line":92,"column":9}},"16":{"start":{"line":96,"column":0},"end":{"line":98,"column":18}},"17":{"start":{"line":96,"column":12},"end":{"line":96,"column":29}},"18":{"start":{"line":97,"column":4},"end":{"line":97,"column":14}},"19":{"start":{"line":100,"column":0},"end":{"line":102,"column":2}},"20":{"start":{"line":101,"column":4},"end":{"line":101,"column":14}},"21":{"start":{"line":104,"column":13},"end":{"line":151,"column":1}},"22":{"start":{"line":105,"column":4},"end":{"line":105,"column":24}},"23":{"start":{"line":106,"column":4},"end":{"line":106,"column":27}},"24":{"start":{"line":107,"column":4},"end":{"line":107,"column":29}},"25":{"start":{"line":109,"column":15},"end":{"line":109,"column":36}},"26":{"start":{"line":111,"column":27},"end":{"line":111,"column":41}},"27":{"start":{"line":112,"column":4},"end":{"line":112,"column":68}},"28":{"start":{"line":114,"column":4},"end":{"line":116,"column":5}},"29":{"start":{"line":115,"column":8},"end":{"line":115,"column":82}},"30":{"start":{"line":118,"column":4},"end":{"line":120,"column":5}},"31":{"start":{"line":119,"column":8},"end":{"line":119,"column":90}},"32":{"start":{"line":122,"column":4},"end":{"line":150,"column":5}},"33":{"start":{"line":124,"column":8},"end":{"line":140,"column":9}},"34":{"start":{"line":125,"column":12},"end":{"line":127,"column":14}},"35":{"start":{"line":128,"column":12},"end":{"line":128,"column":68}},"36":{"start":{"line":129,"column":12},"end":{"line":129,"column":37}},"37":{"start":{"line":132,"column":12},"end":{"line":134,"column":13}},"38":{"start":{"line":133,"column":16},"end":{"line":133,"column":46}},"39":{"start":{"line":137,"column":12},"end":{"line":137,"column":70}},"40":{"start":{"line":138,"column":12},"end":{"line":138,"column":65}},"41":{"start":{"line":139,"column":12},"end":{"line":139,"column":37}},"42":{"start":{"line":142,"column":8},"end":{"line":144,"column":15}},"43":{"start":{"line":143,"column":12},"end":{"line":143,"column":25}},"44":{"start":{"line":146,"column":8},"end":{"line":146,"column":76}},"45":{"start":{"line":147,"column":8},"end":{"line":147,"column":108}},"46":{"start":{"line":149,"column":8},"end":{"line":149,"column":29}},"47":{"start":{"line":2,"column":4},"end":{"line":1,"column":null}},"48":{"start":{"line":1,"column":0},"end":{"line":3,"column":null}},"49":{"start":{"line":42,"column":16},"end":{"line":1,"column":null}},"50":{"start":{"line":21,"column":20},"end":{"line":1,"column":null}},"51":{"start":{"line":20,"column":18},"end":{"line":19,"column":null}},"52":{"start":{"line":1,"column":0},"end":{"line":16,"column":null}},"53":{"start":{"line":30,"column":18},"end":{"line":29,"column":null}},"54":{"start":{"line":1,"column":0},"end":{"line":25,"column":null}},"55":{"start":{"line":40,"column":18},"end":{"line":39,"column":null}}},"fnMap":{"0":{"name":"(anonymous_0)","decl":{"start":{"line":67,"column":24},"end":{"line":67,"column":25}},"loc":{"start":{"line":67,"column":30},"end":{"line":67,"column":49}},"line":67},"1":{"name":"(anonymous_1)","decl":{"start":{"line":78,"column":14},"end":{"line":78,"column":15}},"loc":{"start":{"line":78,"column":20},"end":{"line":80,"column":1}},"line":78},"2":{"name":"(anonymous_2)","decl":{"start":{"line":82,"column":25},"end":{"line":82,"column":26}},"loc":{"start":{"line":82,"column":35},"end":{"line":84,"column":1}},"line":82},"3":{"name":"(anonymous_3)","decl":{"start":{"line":86,"column":17},"end":{"line":86,"column":18}},"loc":{"start":{"line":86,"column":23},"end":{"line":94,"column":1}},"line":86},"4":{"name":"(anonymous_4)","decl":{"start":{"line":96,"column":6},"end":{"line":96,"column":7}},"loc":{"start":{"line":96,"column":12},"end":{"line":96,"column":29}},"line":96},"5":{"name":"(anonymous_5)","decl":{"start":{"line":96,"column":31},"end":{"line":96,"column":32}},"loc":{"start":{"line":96,"column":37},"end":{"line":98,"column":1}},"line":96},"6":{"name":"(anonymous_6)","decl":{"start":{"line":100,"column":10},"end":{"line":100,"column":11}},"loc":{"start":{"line":100,"column":16},"end":{"line":102,"column":1}},"line":100},"7":{"name":"(anonymous_7)","decl":{"start":{"line":104,"column":13},"end":{"line":104,"column":18}},"loc":{"start":{"line":104,"column":25},"end":{"line":151,"column":1}},"line":104},"8":{"name":"(anonymous_8)","decl":{"start":{"line":142,"column":19},"end":{"line":142,"column":20}},"loc":{"start":{"line":142,"column":25},"end":{"line":144,"column":9}},"line":142},"9":{"name":"(anonymous_9)","decl":{"start":{"line":1,"column":0},"end":{"line":1,"column":null}},"loc":{"start":{"line":1,"column":0},"end":{"line":3,"column":null}},"line":1},"10":{"name":"(anonymous_10)","decl":{"start":{"line":13,"column":8},"end":{"line":13,"column":15}},"loc":{"start":{"line":42,"column":16},"end":{"line":1,"column":null}},"line":42},"11":{"name":"(anonymous_11)","decl":{"start":{"line":14,"column":12},"end":{"line":14,"column":19}},"loc":{"start":{"line":21,"column":20},"end":{"line":1,"column":null}},"line":21},"12":{"name":"(anonymous_12)","decl":{"start":{"line":15,"column":16},"end":{"line":15,"column":null}},"loc":{"start":{"line":20,"column":18},"end":{"line":19,"column":null}},"line":20},"13":{"name":"(anonymous_13)","decl":{"start":{"line":24,"column":16},"end":{"line":24,"column":null}},"loc":{"start":{"line":30,"column":18},"end":{"line":29,"column":null}},"line":30},"14":{"name":"(anonymous_14)","decl":{"start":{"line":34,"column":16},"end":{"line":34,"column":null}},"loc":{"start":{"line":40,"column":18},"end":{"line":39,"column":null}},"line":40}},"branchMap":{"0":{"loc":{"start":{"line":87,"column":4},"end":{"line":93,"column":5}},"type":"if","locations":[{"start":{"line":87,"column":4},"end":{"line":93,"column":5}},{"start":{},"end":{}}],"line":87},"1":{"loc":{"start":{"line":114,"column":4},"end":{"line":116,"column":5}},"type":"if","locations":[{"start":{"line":114,"column":4},"end":{"line":116,"column":5}},{"start":{},"end":{}}],"line":114},"2":{"loc":{"start":{"line":114,"column":8},"end":{"line":114,"column":90}},"type":"binary-expr","locations":[{"start":{"line":114,"column":8},"end":{"line":114,"column":48}},{"start":{"line":114,"column":52},"end":{"line":114,"column":90}}],"line":114},"3":{"loc":{"start":{"line":118,"column":4},"end":{"line":120,"column":5}},"type":"if","locations":[{"start":{"line":118,"column":4},"end":{"line":120,"column":5}},{"start":{},"end":{}}],"line":118},"4":{"loc":{"start":{"line":124,"column":8},"end":{"line":140,"column":9}},"type":"if","locations":[{"start":{"line":124,"column":8},"end":{"line":140,"column":9}},{"start":{"line":130,"column":15},"end":{"line":140,"column":9}}],"line":124},"5":{"loc":{"start":{"line":147,"column":29},"end":{"line":147,"column":108}},"type":"binary-expr","locations":[{"start":{"line":147,"column":29},"end":{"line":147,"column":42}},{"start":{"line":147,"column":46},"end":{"line":147,"column":108}}],"line":147},"6":{"loc":{"start":{"line":1,"column":0},"end":{"line":3,"column":null}},"type":"binary-expr","locations":[{"start":{"line":1,"column":0},"end":{"line":1,"column":null}},{"start":{"line":1,"column":0},"end":{"line":3,"column":null}}],"line":1},"7":{"loc":{"start":{"line":4,"column":16},"end":{"line":4,"column":null}},"type":"cond-expr","locations":[{"start":{"line":4,"column":22},"end":{"line":4,"column":null}},{"start":{"line":4,"column":22},"end":{"line":4,"column":null}}],"line":4},"8":{"loc":{"start":{"line":1,"column":0},"end":{"line":16,"column":null}},"type":"binary-expr","locations":[{"start":{"line":1,"column":0},"end":{"line":1,"column":null}},{"start":{"line":1,"column":0},"end":{"line":16,"column":null}}],"line":1},"9":{"loc":{"start":{"line":1,"column":0},"end":{"line":25,"column":null}},"type":"binary-expr","locations":[{"start":{"line":1,"column":0},"end":{"line":1,"column":null}},{"start":{"line":1,"column":0},"end":{"line":25,"column":null}}],"line":1}},"s":{"0":5,"1":5,"2":5,"3":5,"4":5,"5":5,"6":5,"7":5,"8":5,"9":5,"10":0,"11":5,"12":0,"13":5,"14":5,"15":2,"16":5,"17":5,"18":0,"19":5,"20":5,"21":5,"22":3,"23":3,"24":3,"25":3,"26":3,"27":3,"28":3,"29":1,"30":3,"31":0,"32":3,"33":3,"34":1,"35":1,"36":1,"37":2,"38":2,"39":2,"40":1,"41":1,"42":2,"43":1,"44":1,"45":1,"46":3,"47":13,"48":0,"49":13,"50":5,"51":29,"52":22,"53":7,"54":0,"55":5},"f":{"0":5,"1":0,"2":0,"3":5,"4":5,"5":0,"6":5,"7":3,"8":1,"9":22,"10":13,"11":5,"12":29,"13":7,"14":5},"b":{"0":[2,3],"1":[1,2],"2":[3,1],"3":[0,3],"4":[1,2],"5":[1,0],"6":[13,5],"7":[6,7],"8":[29,5],"9":[7,5]},"meta":{"lastBranch":10,"lastFunction":15,"lastStatement":56,"seen":{"s:52:14:52:Infinity":0,"s:59:13:59:57":1,"s:61:16:65:2":2,"s:67:14:67:50":3,"f:67:24:67:25":0,"s:67:30:67:49":4,"s:69:25:72:1":5,"s:74:15:74:26":6,"s:75:20:75:28":7,"s:76:22:76:30":8,"s:78:14:80:1":9,"f:78:14:78:15":1,"s:79:4:79:17":10,"s:82:25:84:1":11,"f:82:25:82:26":2,"s:83:4:83:46":12,"s:86:17:94:1":13,"f:86:17:86:18":3,"b:87:4:93:5:undefined:undefined:undefined:undefined":0,"s:87:4:93:5":14,"s:88:8:92:9":15,"s:96:0:98:18":16,"f:96:6:96:7":4,"s:96:12:96:29":17,"f:96:31:96:32":5,"s:97:4:97:14":18,"s:100:0:102:2":19,"f:100:10:100:11":6,"s:101:4:101:14":20,"s:104:13:151:1":21,"f:104:13:104:18":7,"s:105:4:105:24":22,"s:106:4:106:27":23,"s:107:4:107:29":24,"s:109:15:109:36":25,"s:111:27:111:41":26,"s:112:4:112:68":27,"b:114:4:116:5:undefined:undefined:undefined:undefined":1,"s:114:4:116:5":28,"b:114:8:114:48:114:52:114:90":2,"s:115:8:115:82":29,"b:118:4:120:5:undefined:undefined:undefined:undefined":3,"s:118:4:120:5":30,"s:119:8:119:90":31,"s:122:4:150:5":32,"b:124:8:140:9:130:15:140:9":4,"s:124:8:140:9":33,"s:125:12:127:14":34,"s:128:12:128:68":35,"s:129:12:129:37":36,"s:132:12:134:13":37,"s:133:16:133:46":38,"s:137:12:137:70":39,"s:138:12:138:65":40,"s:139:12:139:37":41,"s:142:8:144:15":42,"f:142:19:142:20":8,"s:143:12:143:25":43,"s:146:8:146:76":44,"s:147:8:147:108":45,"b:147:29:147:42:147:46:147:108":5,"s:149:8:149:29":46,"s:2:4:1:Infinity":47,"b:1:0:1:Infinity:1:0:3:Infinity":6,"f:1:0:1:Infinity":9,"s:1:0:3:Infinity":48,"b:4:22:4:Infinity:4:22:4:Infinity":7,"f:13:8:13:15":10,"s:42:16:1:Infinity":49,"f:14:12:14:19":11,"s:21:20:1:Infinity":50,"f:15:16:15:Infinity":12,"s:20:18:19:Infinity":51,"b:1:0:1:Infinity:1:0:16:Infinity":8,"s:1:0:16:Infinity":52,"f:24:16:24:Infinity":13,"s:30:18:29:Infinity":53,"b:1:0:1:Infinity:1:0:25:Infinity":9,"s:1:0:25:Infinity":54,"f:34:16:34:Infinity":14,"s:40:18:39:Infinity":55}}}
,"C:\\Users\\andob\\Documents\\SAE\\Env_Docker\\GIMAO\\frontend\\src\\components\\Forms\\LieuForm.vue": {"path":"C:\\Users\\andob\\Documents\\SAE\\Env_Docker\\GIMAO\\frontend\\src\\components\\Forms\\LieuForm.vue","statementMap":{"0":{"start":{"line":118,"column":14},"end":{"line":118,"column":null}},"1":{"start":{"line":157,"column":13},"end":{"line":157,"column":57}},"2":{"start":{"line":159,"column":16},"end":{"line":164,"column":2}},"3":{"start":{"line":166,"column":25},"end":{"line":170,"column":1}},"4":{"start":{"line":172,"column":15},"end":{"line":172,"column":26}},"5":{"start":{"line":173,"column":20},"end":{"line":173,"column":28}},"6":{"start":{"line":174,"column":22},"end":{"line":174,"column":30}},"7":{"start":{"line":175,"column":22},"end":{"line":175,"column":32}},"8":{"start":{"line":176,"column":17},"end":{"line":176,"column":25}},"9":{"start":{"line":180,"column":22},"end":{"line":192,"column":1}},"10":{"start":{"line":181,"column":4},"end":{"line":181,"column":27}},"11":{"start":{"line":181,"column":16},"end":{"line":181,"column":27}},"12":{"start":{"line":182,"column":4},"end":{"line":190,"column":5}},"13":{"start":{"line":183,"column":8},"end":{"line":185,"column":9}},"14":{"start":{"line":184,"column":12},"end":{"line":184,"column":30}},"15":{"start":{"line":186,"column":8},"end":{"line":189,"column":9}},"16":{"start":{"line":187,"column":27},"end":{"line":187,"column":92}},"17":{"start":{"line":188,"column":12},"end":{"line":188,"column":37}},"18":{"start":{"line":188,"column":24},"end":{"line":188,"column":37}},"19":{"start":{"line":191,"column":4},"end":{"line":191,"column":15}},"20":{"start":{"line":195,"column":0},"end":{"line":204,"column":35}},"21":{"start":{"line":195,"column":12},"end":{"line":195,"column":29}},"22":{"start":{"line":196,"column":4},"end":{"line":203,"column":5}},"23":{"start":{"line":197,"column":8},"end":{"line":202,"column":9}},"24":{"start":{"line":207,"column":21},"end":{"line":216,"column":1}},"25":{"start":{"line":208,"column":4},"end":{"line":214,"column":5}},"26":{"start":{"line":209,"column":8},"end":{"line":209,"column":39}},"27":{"start":{"line":209,"column":28},"end":{"line":209,"column":39}},"28":{"start":{"line":210,"column":8},"end":{"line":213,"column":9}},"29":{"start":{"line":211,"column":26},"end":{"line":211,"column":57}},"30":{"start":{"line":212,"column":12},"end":{"line":212,"column":35}},"31":{"start":{"line":212,"column":23},"end":{"line":212,"column":35}},"32":{"start":{"line":215,"column":4},"end":{"line":215,"column":15}},"33":{"start":{"line":219,"column":0},"end":{"line":224,"column":35}},"34":{"start":{"line":219,"column":12},"end":{"line":219,"column":45}},"35":{"start":{"line":220,"column":4},"end":{"line":223,"column":5}},"36":{"start":{"line":221,"column":8},"end":{"line":221,"column":70}},"37":{"start":{"line":222,"column":8},"end":{"line":222,"column":47}},"38":{"start":{"line":227,"column":0},"end":{"line":238,"column":1}},"39":{"start":{"line":228,"column":11},"end":{"line":228,"column":36}},"40":{"start":{"line":228,"column":44},"end":{"line":228,"column":59}},"41":{"start":{"line":228,"column":67},"end":{"line":228,"column":84}},"42":{"start":{"line":230,"column":8},"end":{"line":230,"column":89}},"43":{"start":{"line":230,"column":83},"end":{"line":230,"column":89}},"44":{"start":{"line":232,"column":21},"end":{"line":232,"column":59}},"45":{"start":{"line":233,"column":8},"end":{"line":235,"column":9}},"46":{"start":{"line":234,"column":12},"end":{"line":234,"column":88}},"47":{"start":{"line":241,"column":19},"end":{"line":243,"column":1}},"48":{"start":{"line":242,"column":4},"end":{"line":242,"column":70}},"49":{"start":{"line":245,"column":17},"end":{"line":253,"column":1}},"50":{"start":{"line":246,"column":4},"end":{"line":252,"column":5}},"51":{"start":{"line":247,"column":8},"end":{"line":247,"column":35}},"52":{"start":{"line":248,"column":8},"end":{"line":248,"column":40}},"53":{"start":{"line":250,"column":8},"end":{"line":250,"column":35}},"54":{"start":{"line":251,"column":8},"end":{"line":251,"column":43}},"55":{"start":{"line":256,"column":0},"end":{"line":260,"column":2}},"56":{"start":{"line":256,"column":12},"end":{"line":256,"column":32}},"57":{"start":{"line":257,"column":4},"end":{"line":259,"column":5}},"58":{"start":{"line":258,"column":8},"end":{"line":258,"column":67}},"59":{"start":{"line":262,"column":14},"end":{"line":264,"column":1}},"60":{"start":{"line":263,"column":4},"end":{"line":263,"column":17}},"61":{"start":{"line":266,"column":13},"end":{"line":316,"column":1}},"62":{"start":{"line":267,"column":4},"end":{"line":267,"column":24}},"63":{"start":{"line":268,"column":4},"end":{"line":268,"column":27}},"64":{"start":{"line":269,"column":4},"end":{"line":269,"column":29}},"65":{"start":{"line":271,"column":15},"end":{"line":271,"column":36}},"66":{"start":{"line":273,"column":20},"end":{"line":278,"column":5}},"67":{"start":{"line":280,"column":4},"end":{"line":280,"column":49}},"68":{"start":{"line":282,"column":4},"end":{"line":315,"column":5}},"69":{"start":{"line":283,"column":8},"end":{"line":305,"column":9}},"70":{"start":{"line":285,"column":29},"end":{"line":285,"column":87}},"71":{"start":{"line":286,"column":12},"end":{"line":286,"column":62}},"72":{"start":{"line":288,"column":12},"end":{"line":288,"column":61}},"73":{"start":{"line":289,"column":12},"end":{"line":289,"column":37}},"74":{"start":{"line":292,"column":29},"end":{"line":292,"column":62}},"75":{"start":{"line":293,"column":12},"end":{"line":293,"column":59}},"76":{"start":{"line":295,"column":28},"end":{"line":301,"column":13}},"77":{"start":{"line":303,"column":12},"end":{"line":303,"column":58}},"78":{"start":{"line":304,"column":12},"end":{"line":304,"column":36}},"79":{"start":{"line":307,"column":8},"end":{"line":309,"column":16}},"80":{"start":{"line":308,"column":12},"end":{"line":308,"column":25}},"81":{"start":{"line":311,"column":8},"end":{"line":311,"column":73}},"82":{"start":{"line":312,"column":8},"end":{"line":312,"column":105}},"83":{"start":{"line":314,"column":8},"end":{"line":314,"column":29}},"84":{"start":{"line":2,"column":4},"end":{"line":1,"column":null}},"85":{"start":{"line":1,"column":0},"end":{"line":3,"column":null}},"86":{"start":{"line":107,"column":16},"end":{"line":1,"column":null}},"87":{"start":{"line":22,"column":20},"end":{"line":1,"column":null}},"88":{"start":{"line":21,"column":18},"end":{"line":20,"column":null}},"89":{"start":{"line":1,"column":0},"end":{"line":17,"column":null}},"90":{"start":{"line":30,"column":18},"end":{"line":29,"column":null}},"91":{"start":{"line":1,"column":0},"end":{"line":26,"column":null}},"92":{"start":{"line":39,"column":18},"end":{"line":38,"column":null}},"93":{"start":{"line":1,"column":0},"end":{"line":35,"column":null}},"94":{"start":{"line":43,"column":38},"end":{"line":103,"column":null}},"95":{"start":{"line":48,"column":20},"end":{"line":48,"column":38}},"96":{"start":{"line":53,"column":28},"end":{"line":1,"column":null}},"97":{"start":{"line":1,"column":0},"end":{"line":59,"column":null}},"98":{"start":{"line":65,"column":54},"end":{"line":70,"column":48}},"99":{"start":{"line":68,"column":63},"end":{"line":68,"column":null}},"100":{"start":{"line":80,"column":42},"end":{"line":80,"column":65}},"101":{"start":{"line":80,"column":65},"end":{"line":80,"column":null}},"102":{"start":{"line":82,"column":65},"end":{"line":83,"column":null}},"103":{"start":{"line":82,"column":56},"end":{"line":82,"column":65}},"104":{"start":{"line":87,"column":66},"end":{"line":89,"column":34}},"105":{"start":{"line":87,"column":57},"end":{"line":87,"column":66}},"106":{"start":{"line":1,"column":0},"end":{"line":96,"column":null}},"107":{"start":{"line":103,"column":33},"end":{"line":103,"column":null}}},"fnMap":{"0":{"name":"(anonymous_0)","decl":{"start":{"line":180,"column":22},"end":{"line":180,"column":23}},"loc":{"start":{"line":180,"column":61},"end":{"line":192,"column":1}},"line":180},"1":{"name":"(anonymous_1)","decl":{"start":{"line":195,"column":6},"end":{"line":195,"column":7}},"loc":{"start":{"line":195,"column":12},"end":{"line":195,"column":29}},"line":195},"2":{"name":"(anonymous_2)","decl":{"start":{"line":195,"column":31},"end":{"line":195,"column":32}},"loc":{"start":{"line":195,"column":44},"end":{"line":204,"column":1}},"line":195},"3":{"name":"(anonymous_3)","decl":{"start":{"line":207,"column":21},"end":{"line":207,"column":22}},"loc":{"start":{"line":207,"column":40},"end":{"line":216,"column":1}},"line":207},"4":{"name":"(anonymous_4)","decl":{"start":{"line":219,"column":6},"end":{"line":219,"column":7}},"loc":{"start":{"line":219,"column":12},"end":{"line":219,"column":45}},"line":219},"5":{"name":"(anonymous_5)","decl":{"start":{"line":219,"column":47},"end":{"line":219,"column":48}},"loc":{"start":{"line":219,"column":80},"end":{"line":224,"column":1}},"line":219},"6":{"name":"(anonymous_6)","decl":{"start":{"line":228,"column":5},"end":{"line":228,"column":6}},"loc":{"start":{"line":228,"column":11},"end":{"line":228,"column":36}},"line":228},"7":{"name":"(anonymous_7)","decl":{"start":{"line":228,"column":38},"end":{"line":228,"column":39}},"loc":{"start":{"line":228,"column":44},"end":{"line":228,"column":59}},"line":228},"8":{"name":"(anonymous_8)","decl":{"start":{"line":228,"column":61},"end":{"line":228,"column":62}},"loc":{"start":{"line":228,"column":67},"end":{"line":228,"column":84}},"line":228},"9":{"name":"(anonymous_9)","decl":{"start":{"line":229,"column":4},"end":{"line":229,"column":5}},"loc":{"start":{"line":229,"column":48},"end":{"line":236,"column":5}},"line":229},"10":{"name":"(anonymous_10)","decl":{"start":{"line":241,"column":19},"end":{"line":241,"column":20}},"loc":{"start":{"line":241,"column":29},"end":{"line":243,"column":1}},"line":241},"11":{"name":"(anonymous_11)","decl":{"start":{"line":245,"column":17},"end":{"line":245,"column":18}},"loc":{"start":{"line":245,"column":27},"end":{"line":253,"column":1}},"line":245},"12":{"name":"(anonymous_12)","decl":{"start":{"line":256,"column":6},"end":{"line":256,"column":7}},"loc":{"start":{"line":256,"column":12},"end":{"line":256,"column":32}},"line":256},"13":{"name":"(anonymous_13)","decl":{"start":{"line":256,"column":34},"end":{"line":256,"column":35}},"loc":{"start":{"line":256,"column":49},"end":{"line":260,"column":1}},"line":256},"14":{"name":"(anonymous_14)","decl":{"start":{"line":262,"column":14},"end":{"line":262,"column":15}},"loc":{"start":{"line":262,"column":20},"end":{"line":264,"column":1}},"line":262},"15":{"name":"(anonymous_15)","decl":{"start":{"line":266,"column":13},"end":{"line":266,"column":18}},"loc":{"start":{"line":266,"column":25},"end":{"line":316,"column":1}},"line":266},"16":{"name":"(anonymous_16)","decl":{"start":{"line":307,"column":19},"end":{"line":307,"column":20}},"loc":{"start":{"line":307,"column":25},"end":{"line":309,"column":9}},"line":307},"17":{"name":"(anonymous_17)","decl":{"start":{"line":1,"column":0},"end":{"line":1,"column":null}},"loc":{"start":{"line":1,"column":0},"end":{"line":3,"column":null}},"line":1},"18":{"name":"(anonymous_18)","decl":{"start":{"line":14,"column":8},"end":{"line":14,"column":15}},"loc":{"start":{"line":107,"column":16},"end":{"line":1,"column":null}},"line":107},"19":{"name":"(anonymous_19)","decl":{"start":{"line":15,"column":12},"end":{"line":15,"column":19}},"loc":{"start":{"line":22,"column":20},"end":{"line":1,"column":null}},"line":22},"20":{"name":"(anonymous_20)","decl":{"start":{"line":16,"column":16},"end":{"line":16,"column":null}},"loc":{"start":{"line":21,"column":18},"end":{"line":20,"column":null}},"line":21},"21":{"name":"(anonymous_21)","decl":{"start":{"line":25,"column":16},"end":{"line":25,"column":null}},"loc":{"start":{"line":30,"column":18},"end":{"line":29,"column":null}},"line":30},"22":{"name":"(anonymous_22)","decl":{"start":{"line":34,"column":16},"end":{"line":34,"column":null}},"loc":{"start":{"line":39,"column":18},"end":{"line":38,"column":null}},"line":39},"23":{"name":"(anonymous_23)","decl":{"start":{"line":43,"column":16},"end":{"line":43,"column":38}},"loc":{"start":{"line":43,"column":38},"end":{"line":103,"column":null}},"line":43},"24":{"name":"(anonymous_24)","decl":{"start":{"line":46,"column":80},"end":{"line":46,"column":null}},"loc":{"start":{"line":48,"column":20},"end":{"line":48,"column":38}},"line":48},"25":{"name":"(anonymous_25)","decl":{"start":{"line":51,"column":24},"end":{"line":51,"column":34}},"loc":{"start":{"line":53,"column":28},"end":{"line":1,"column":null}},"line":53},"26":{"name":"(anonymous_26)","decl":{"start":{"line":66,"column":32},"end":{"line":66,"column":null}},"loc":{"start":{"line":65,"column":54},"end":{"line":70,"column":48}},"line":65},"27":{"name":"(anonymous_27)","decl":{"start":{"line":68,"column":55},"end":{"line":68,"column":63}},"loc":{"start":{"line":68,"column":63},"end":{"line":68,"column":null}},"line":68},"28":{"name":"(anonymous_28)","decl":{"start":{"line":80,"column":40},"end":{"line":80,"column":42}},"loc":{"start":{"line":80,"column":40},"end":{"line":80,"column":null}},"line":80},"29":{"name":"(anonymous_29)","decl":{"start":{"line":82,"column":28},"end":{"line":82,"column":36}},"loc":{"start":{"line":82,"column":65},"end":{"line":83,"column":null}},"line":82},"30":{"name":"(anonymous_30)","decl":{"start":{"line":82,"column":42},"end":{"line":82,"column":56}},"loc":{"start":{"line":82,"column":56},"end":{"line":82,"column":65}},"line":82},"31":{"name":"(anonymous_31)","decl":{"start":{"line":87,"column":28},"end":{"line":87,"column":36}},"loc":{"start":{"line":87,"column":66},"end":{"line":89,"column":34}},"line":87},"32":{"name":"(anonymous_32)","decl":{"start":{"line":87,"column":42},"end":{"line":87,"column":57}},"loc":{"start":{"line":87,"column":57},"end":{"line":87,"column":66}},"line":87},"33":{"name":"(anonymous_33)","decl":{"start":{"line":103,"column":31},"end":{"line":103,"column":33}},"loc":{"start":{"line":103,"column":33},"end":{"line":103,"column":null}},"line":103}},"branchMap":{"0":{"loc":{"start":{"line":180,"column":40},"end":{"line":180,"column":56}},"type":"default-arg","locations":[{"start":{"line":180,"column":54},"end":{"line":180,"column":56}}],"line":180},"1":{"loc":{"start":{"line":181,"column":4},"end":{"line":181,"column":27}},"type":"if","locations":[{"start":{"line":181,"column":4},"end":{"line":181,"column":27}},{"start":{},"end":{}}],"line":181},"2":{"loc":{"start":{"line":183,"column":8},"end":{"line":185,"column":9}},"type":"if","locations":[{"start":{"line":183,"column":8},"end":{"line":185,"column":9}},{"start":{},"end":{}}],"line":183},"3":{"loc":{"start":{"line":186,"column":8},"end":{"line":189,"column":9}},"type":"if","locations":[{"start":{"line":186,"column":8},"end":{"line":189,"column":9}},{"start":{},"end":{}}],"line":186},"4":{"loc":{"start":{"line":186,"column":12},"end":{"line":186,"column":53}},"type":"binary-expr","locations":[{"start":{"line":186,"column":12},"end":{"line":186,"column":25}},{"start":{"line":186,"column":29},"end":{"line":186,"column":53}}],"line":186},"5":{"loc":{"start":{"line":188,"column":12},"end":{"line":188,"column":37}},"type":"if","locations":[{"start":{"line":188,"column":12},"end":{"line":188,"column":37}},{"start":{},"end":{}}],"line":188},"6":{"loc":{"start":{"line":196,"column":4},"end":{"line":203,"column":5}},"type":"if","locations":[{"start":{"line":196,"column":4},"end":{"line":203,"column":5}},{"start":{},"end":{}}],"line":196},"7":{"loc":{"start":{"line":196,"column":8},"end":{"line":196,"column":50}},"type":"binary-expr","locations":[{"start":{"line":196,"column":8},"end":{"line":196,"column":15}},{"start":{"line":196,"column":19},"end":{"line":196,"column":50}}],"line":196},"8":{"loc":{"start":{"line":198,"column":21},"end":{"line":198,"column":42}},"type":"binary-expr","locations":[{"start":{"line":198,"column":21},"end":{"line":198,"column":36}},{"start":{"line":198,"column":40},"end":{"line":198,"column":42}}],"line":198},"9":{"loc":{"start":{"line":199,"column":22},"end":{"line":199,"column":44}},"type":"binary-expr","locations":[{"start":{"line":199,"column":22},"end":{"line":199,"column":38}},{"start":{"line":199,"column":42},"end":{"line":199,"column":44}}],"line":199},"10":{"loc":{"start":{"line":200,"column":22},"end":{"line":200,"column":44}},"type":"binary-expr","locations":[{"start":{"line":200,"column":22},"end":{"line":200,"column":38}},{"start":{"line":200,"column":42},"end":{"line":200,"column":44}}],"line":200},"11":{"loc":{"start":{"line":201,"column":24},"end":{"line":201,"column":60}},"type":"binary-expr","locations":[{"start":{"line":201,"column":24},"end":{"line":201,"column":42}},{"start":{"line":201,"column":46},"end":{"line":201,"column":60}}],"line":201},"12":{"loc":{"start":{"line":209,"column":8},"end":{"line":209,"column":39}},"type":"if","locations":[{"start":{"line":209,"column":8},"end":{"line":209,"column":39}},{"start":{},"end":{}}],"line":209},"13":{"loc":{"start":{"line":210,"column":8},"end":{"line":213,"column":9}},"type":"if","locations":[{"start":{"line":210,"column":8},"end":{"line":213,"column":9}},{"start":{},"end":{}}],"line":210},"14":{"loc":{"start":{"line":212,"column":12},"end":{"line":212,"column":35}},"type":"if","locations":[{"start":{"line":212,"column":12},"end":{"line":212,"column":35}},{"start":{},"end":{}}],"line":212},"15":{"loc":{"start":{"line":220,"column":4},"end":{"line":223,"column":5}},"type":"if","locations":[{"start":{"line":220,"column":4},"end":{"line":223,"column":5}},{"start":{},"end":{}}],"line":220},"16":{"loc":{"start":{"line":220,"column":8},"end":{"line":220,"column":83}},"type":"binary-expr","locations":[{"start":{"line":220,"column":8},"end":{"line":220,"column":19}},{"start":{"line":220,"column":23},"end":{"line":220,"column":35}},{"start":{"line":220,"column":39},"end":{"line":220,"column":62}},{"start":{"line":220,"column":66},"end":{"line":220,"column":83}}],"line":220},"17":{"loc":{"start":{"line":230,"column":8},"end":{"line":230,"column":89}},"type":"if","locations":[{"start":{"line":230,"column":8},"end":{"line":230,"column":89}},{"start":{},"end":{}}],"line":230},"18":{"loc":{"start":{"line":230,"column":12},"end":{"line":230,"column":81}},"type":"binary-expr","locations":[{"start":{"line":230,"column":12},"end":{"line":230,"column":24}},{"start":{"line":230,"column":28},"end":{"line":230,"column":41}},{"start":{"line":230,"column":45},"end":{"line":230,"column":55}},{"start":{"line":230,"column":59},"end":{"line":230,"column":81}}],"line":230},"19":{"loc":{"start":{"line":233,"column":8},"end":{"line":235,"column":9}},"type":"if","locations":[{"start":{"line":233,"column":8},"end":{"line":235,"column":9}},{"start":{},"end":{}}],"line":233},"20":{"loc":{"start":{"line":234,"column":54},"end":{"line":234,"column":75}},"type":"binary-expr","locations":[{"start":{"line":234,"column":54},"end":{"line":234,"column":69}},{"start":{"line":234,"column":73},"end":{"line":234,"column":75}}],"line":234},"21":{"loc":{"start":{"line":242,"column":11},"end":{"line":242,"column":70}},"type":"binary-expr","locations":[{"start":{"line":242,"column":11},"end":{"line":242,"column":31}},{"start":{"line":242,"column":35},"end":{"line":242,"column":70}}],"line":242},"22":{"loc":{"start":{"line":246,"column":4},"end":{"line":252,"column":5}},"type":"if","locations":[{"start":{"line":246,"column":4},"end":{"line":252,"column":5}},{"start":{"line":249,"column":11},"end":{"line":252,"column":5}}],"line":246},"23":{"loc":{"start":{"line":257,"column":4},"end":{"line":259,"column":5}},"type":"if","locations":[{"start":{"line":257,"column":4},"end":{"line":259,"column":5}},{"start":{},"end":{}}],"line":257},"24":{"loc":{"start":{"line":258,"column":36},"end":{"line":258,"column":67}},"type":"cond-expr","locations":[{"start":{"line":258,"column":48},"end":{"line":258,"column":60}},{"start":{"line":258,"column":63},"end":{"line":258,"column":67}}],"line":258},"25":{"loc":{"start":{"line":276,"column":18},"end":{"line":276,"column":49}},"type":"binary-expr","locations":[{"start":{"line":276,"column":18},"end":{"line":276,"column":41}},{"start":{"line":276,"column":45},"end":{"line":276,"column":49}}],"line":276},"26":{"loc":{"start":{"line":283,"column":8},"end":{"line":305,"column":9}},"type":"if","locations":[{"start":{"line":283,"column":8},"end":{"line":305,"column":9}},{"start":{"line":290,"column":15},"end":{"line":305,"column":9}}],"line":283},"27":{"loc":{"start":{"line":312,"column":29},"end":{"line":312,"column":105}},"type":"binary-expr","locations":[{"start":{"line":312,"column":29},"end":{"line":312,"column":42}},{"start":{"line":312,"column":46},"end":{"line":312,"column":105}}],"line":312},"28":{"loc":{"start":{"line":1,"column":0},"end":{"line":3,"column":null}},"type":"binary-expr","locations":[{"start":{"line":1,"column":0},"end":{"line":1,"column":null}},{"start":{"line":1,"column":0},"end":{"line":3,"column":null}}],"line":1},"29":{"loc":{"start":{"line":1,"column":0},"end":{"line":17,"column":null}},"type":"binary-expr","locations":[{"start":{"line":1,"column":0},"end":{"line":1,"column":null}},{"start":{"line":1,"column":0},"end":{"line":17,"column":null}}],"line":1},"30":{"loc":{"start":{"line":1,"column":0},"end":{"line":26,"column":null}},"type":"binary-expr","locations":[{"start":{"line":1,"column":0},"end":{"line":1,"column":null}},{"start":{"line":1,"column":0},"end":{"line":26,"column":null}}],"line":1},"31":{"loc":{"start":{"line":33,"column":35},"end":{"line":1,"column":null}},"type":"cond-expr","locations":[{"start":{"line":33,"column":12},"end":{"line":1,"column":null}},{"start":{"line":1,"column":0},"end":{"line":1,"column":null}}],"line":33},"32":{"loc":{"start":{"line":1,"column":0},"end":{"line":35,"column":null}},"type":"binary-expr","locations":[{"start":{"line":1,"column":0},"end":{"line":1,"column":null}},{"start":{"line":1,"column":0},"end":{"line":35,"column":null}}],"line":1},"33":{"loc":{"start":{"line":42,"column":35},"end":{"line":1,"column":null}},"type":"cond-expr","locations":[{"start":{"line":42,"column":12},"end":{"line":1,"column":null}},{"start":{"line":1,"column":0},"end":{"line":1,"column":null}}],"line":42},"34":{"loc":{"start":{"line":44,"column":32},"end":{"line":103,"column":null}},"type":"cond-expr","locations":[{"start":{"line":44,"column":16},"end":{"line":1,"column":null}},{"start":{"line":94,"column":16},"end":{"line":103,"column":null}}],"line":44},"35":{"loc":{"start":{"line":48,"column":20},"end":{"line":48,"column":38}},"type":"binary-expr","locations":[{"start":{"line":48,"column":20},"end":{"line":48,"column":38}},{"start":{"line":48,"column":20},"end":{"line":48,"column":38}}],"line":48},"36":{"loc":{"start":{"line":51,"column":34},"end":{"line":1,"column":null}},"type":"cond-expr","locations":[{"start":{"line":51,"column":24},"end":{"line":53,"column":28}},{"start":{"line":54,"column":24},"end":{"line":1,"column":null}}],"line":51},"37":{"loc":{"start":{"line":51,"column":34},"end":{"line":51,"column":71}},"type":"binary-expr","locations":[{"start":{"line":51,"column":34},"end":{"line":51,"column":43}},{"start":{"line":51,"column":47},"end":{"line":51,"column":71}}],"line":51},"38":{"loc":{"start":{"line":1,"column":0},"end":{"line":59,"column":null}},"type":"binary-expr","locations":[{"start":{"line":1,"column":0},"end":{"line":1,"column":null}},{"start":{"line":1,"column":0},"end":{"line":59,"column":null}}],"line":1},"39":{"loc":{"start":{"line":76,"column":34},"end":{"line":1,"column":null}},"type":"cond-expr","locations":[{"start":{"line":75,"column":24},"end":{"line":1,"column":null}},{"start":{"line":1,"column":0},"end":{"line":1,"column":null}}],"line":76},"40":{"loc":{"start":{"line":80,"column":40},"end":{"line":80,"column":null}},"type":"binary-expr","locations":[{"start":{"line":80,"column":40},"end":{"line":80,"column":42}},{"start":{"line":80,"column":40},"end":{"line":80,"column":null}}],"line":80},"41":{"loc":{"start":{"line":82,"column":56},"end":{"line":82,"column":65}},"type":"binary-expr","locations":[{"start":{"line":82,"column":56},"end":{"line":82,"column":65}},{"start":{"line":82,"column":56},"end":{"line":82,"column":65}}],"line":82},"42":{"loc":{"start":{"line":86,"column":40},"end":{"line":1,"column":null}},"type":"cond-expr","locations":[{"start":{"line":86,"column":24},"end":{"line":1,"column":null}},{"start":{"line":1,"column":0},"end":{"line":1,"column":null}}],"line":86},"43":{"loc":{"start":{"line":87,"column":57},"end":{"line":87,"column":66}},"type":"binary-expr","locations":[{"start":{"line":87,"column":57},"end":{"line":87,"column":66}},{"start":{"line":87,"column":57},"end":{"line":87,"column":66}}],"line":87},"44":{"loc":{"start":{"line":1,"column":0},"end":{"line":89,"column":34}},"type":"binary-expr","locations":[{"start":{"line":1,"column":0},"end":{"line":1,"column":null}},{"start":{"line":1,"column":0},"end":{"line":89,"column":34}}],"line":1},"45":{"loc":{"start":{"line":1,"column":0},"end":{"line":96,"column":null}},"type":"binary-expr","locations":[{"start":{"line":1,"column":0},"end":{"line":1,"column":null}},{"start":{"line":1,"column":0},"end":{"line":96,"column":null}}],"line":1},"46":{"loc":{"start":{"line":103,"column":31},"end":{"line":103,"column":null}},"type":"binary-expr","locations":[{"start":{"line":103,"column":31},"end":{"line":103,"column":33}},{"start":{"line":103,"column":31},"end":{"line":103,"column":null}}],"line":103}},"s":{"0":5,"1":5,"2":5,"3":5,"4":5,"5":5,"6":5,"7":5,"8":5,"9":5,"10":0,"11":0,"12":0,"13":0,"14":0,"15":0,"16":0,"17":0,"18":0,"19":0,"20":5,"21":5,"22":5,"23":2,"24":5,"25":0,"26":0,"27":0,"28":0,"29":0,"30":0,"31":0,"32":0,"33":5,"34":5,"35":5,"36":0,"37":0,"38":5,"39":5,"40":5,"41":5,"42":5,"43":5,"44":0,"45":0,"46":0,"47":5,"48":0,"49":5,"50":0,"51":0,"52":0,"53":0,"54":0,"55":5,"56":5,"57":0,"58":0,"59":5,"60":0,"61":5,"62":2,"63":2,"64":2,"65":2,"66":2,"67":2,"68":2,"69":2,"70":1,"71":1,"72":1,"73":1,"74":1,"75":1,"76":1,"77":1,"78":1,"79":2,"80":0,"81":0,"82":0,"83":2,"84":9,"85":0,"86":10,"87":5,"88":40,"89":35,"90":12,"91":7,"92":5,"93":0,"94":5,"95":5,"96":5,"97":0,"98":0,"99":0,"100":0,"101":0,"102":0,"103":0,"104":5,"105":5,"106":0,"107":0},"f":{"0":0,"1":5,"2":5,"3":0,"4":5,"5":5,"6":5,"7":5,"8":5,"9":5,"10":0,"11":0,"12":5,"13":0,"14":0,"15":2,"16":0,"17":42,"18":10,"19":5,"20":40,"21":12,"22":5,"23":5,"24":5,"25":5,"26":0,"27":0,"28":0,"29":0,"30":0,"31":5,"32":5,"33":0},"b":{"0":[0],"1":[0,0],"2":[0,0],"3":[0,0],"4":[0,0],"5":[0,0],"6":[2,3],"7":[5,5],"8":[2,0],"9":[2,0],"10":[2,2],"11":[2,2],"12":[0,0],"13":[0,0],"14":[0,0],"15":[0,5],"16":[5,0,0,0],"17":[5,0],"18":[5,5,0,0],"19":[0,0],"20":[0,0],"21":[0,0],"22":[0,0],"23":[0,0],"24":[0,0],"25":[2,2],"26":[1,1],"27":[0,0],"28":[9,5],"29":[40,5],"30":[12,5],"31":[5,0],"32":[5,5],"33":[5,0],"34":[5,0],"35":[5,5],"36":[5,0],"37":[5,5],"38":[0,0],"39":[0,5],"40":[0,0],"41":[0,0],"42":[5,0],"43":[5,5],"44":[5,5],"45":[0,0],"46":[0,0]},"meta":{"lastBranch":47,"lastFunction":34,"lastStatement":108,"seen":{"s:118:14:118:Infinity":0,"s:157:13:157:57":1,"s:159:16:164:2":2,"s:166:25:170:1":3,"s:172:15:172:26":4,"s:173:20:173:28":5,"s:174:22:174:30":6,"s:175:22:175:32":7,"s:176:17:176:25":8,"s:180:22:192:1":9,"f:180:22:180:23":0,"b:180:54:180:56":0,"b:181:4:181:27:undefined:undefined:undefined:undefined":1,"s:181:4:181:27":10,"s:181:16:181:27":11,"s:182:4:190:5":12,"b:183:8:185:9:undefined:undefined:undefined:undefined":2,"s:183:8:185:9":13,"s:184:12:184:30":14,"b:186:8:189:9:undefined:undefined:undefined:undefined":3,"s:186:8:189:9":15,"b:186:12:186:25:186:29:186:53":4,"s:187:27:187:92":16,"b:188:12:188:37:undefined:undefined:undefined:undefined":5,"s:188:12:188:37":17,"s:188:24:188:37":18,"s:191:4:191:15":19,"s:195:0:204:35":20,"f:195:6:195:7":1,"s:195:12:195:29":21,"f:195:31:195:32":2,"b:196:4:203:5:undefined:undefined:undefined:undefined":6,"s:196:4:203:5":22,"b:196:8:196:15:196:19:196:50":7,"s:197:8:202:9":23,"b:198:21:198:36:198:40:198:42":8,"b:199:22:199:38:199:42:199:44":9,"b:200:22:200:38:200:42:200:44":10,"b:201:24:201:42:201:46:201:60":11,"s:207:21:216:1":24,"f:207:21:207:22":3,"s:208:4:214:5":25,"b:209:8:209:39:undefined:undefined:undefined:undefined":12,"s:209:8:209:39":26,"s:209:28:209:39":27,"b:210:8:213:9:undefined:undefined:undefined:undefined":13,"s:210:8:213:9":28,"s:211:26:211:57":29,"b:212:12:212:35:undefined:undefined:undefined:undefined":14,"s:212:12:212:35":30,"s:212:23:212:35":31,"s:215:4:215:15":32,"s:219:0:224:35":33,"f:219:6:219:7":4,"s:219:12:219:45":34,"f:219:47:219:48":5,"b:220:4:223:5:undefined:undefined:undefined:undefined":15,"s:220:4:223:5":35,"b:220:8:220:19:220:23:220:35:220:39:220:62:220:66:220:83":16,"s:221:8:221:70":36,"s:222:8:222:47":37,"s:227:0:238:1":38,"f:228:5:228:6":6,"s:228:11:228:36":39,"f:228:38:228:39":7,"s:228:44:228:59":40,"f:228:61:228:62":8,"s:228:67:228:84":41,"f:229:4:229:5":9,"b:230:8:230:89:undefined:undefined:undefined:undefined":17,"s:230:8:230:89":42,"b:230:12:230:24:230:28:230:41:230:45:230:55:230:59:230:81":18,"s:230:83:230:89":43,"s:232:21:232:59":44,"b:233:8:235:9:undefined:undefined:undefined:undefined":19,"s:233:8:235:9":45,"s:234:12:234:88":46,"b:234:54:234:69:234:73:234:75":20,"s:241:19:243:1":47,"f:241:19:241:20":10,"s:242:4:242:70":48,"b:242:11:242:31:242:35:242:70":21,"s:245:17:253:1":49,"f:245:17:245:18":11,"b:246:4:252:5:249:11:252:5":22,"s:246:4:252:5":50,"s:247:8:247:35":51,"s:248:8:248:40":52,"s:250:8:250:35":53,"s:251:8:251:43":54,"s:256:0:260:2":55,"f:256:6:256:7":12,"s:256:12:256:32":56,"f:256:34:256:35":13,"b:257:4:259:5:undefined:undefined:undefined:undefined":23,"s:257:4:259:5":57,"s:258:8:258:67":58,"b:258:48:258:60:258:63:258:67":24,"s:262:14:264:1":59,"f:262:14:262:15":14,"s:263:4:263:17":60,"s:266:13:316:1":61,"f:266:13:266:18":15,"s:267:4:267:24":62,"s:268:4:268:27":63,"s:269:4:269:29":64,"s:271:15:271:36":65,"s:273:20:278:5":66,"b:276:18:276:41:276:45:276:49":25,"s:280:4:280:49":67,"s:282:4:315:5":68,"b:283:8:305:9:290:15:305:9":26,"s:283:8:305:9":69,"s:285:29:285:87":70,"s:286:12:286:62":71,"s:288:12:288:61":72,"s:289:12:289:37":73,"s:292:29:292:62":74,"s:293:12:293:59":75,"s:295:28:301:13":76,"s:303:12:303:58":77,"s:304:12:304:36":78,"s:307:8:309:16":79,"f:307:19:307:20":16,"s:308:12:308:25":80,"s:311:8:311:73":81,"s:312:8:312:105":82,"b:312:29:312:42:312:46:312:105":27,"s:314:8:314:29":83,"s:2:4:1:Infinity":84,"b:1:0:1:Infinity:1:0:3:Infinity":28,"f:1:0:1:Infinity":17,"s:1:0:3:Infinity":85,"f:14:8:14:15":18,"s:107:16:1:Infinity":86,"f:15:12:15:19":19,"s:22:20:1:Infinity":87,"f:16:16:16:Infinity":20,"s:21:18:20:Infinity":88,"b:1:0:1:Infinity:1:0:17:Infinity":29,"s:1:0:17:Infinity":89,"f:25:16:25:Infinity":21,"s:30:18:29:Infinity":90,"b:1:0:1:Infinity:1:0:26:Infinity":30,"s:1:0:26:Infinity":91,"b:33:12:1:Infinity:1:0:1:Infinity":31,"f:34:16:34:Infinity":22,"s:39:18:38:Infinity":92,"b:1:0:1:Infinity:1:0:35:Infinity":32,"s:1:0:35:Infinity":93,"b:42:12:1:Infinity:1:0:1:Infinity":33,"f:43:16:43:38":23,"s:43:38:103:Infinity":94,"b:44:16:1:Infinity:94:16:103:Infinity":34,"f:46:80:46:Infinity":24,"s:48:20:48:38":95,"b:48:20:48:38:48:20:48:38":35,"f:51:24:51:34":25,"s:53:28:1:Infinity":96,"b:51:24:53:28:54:24:1:Infinity":36,"b:51:34:51:43:51:47:51:71":37,"b:1:0:1:Infinity:1:0:59:Infinity":38,"s:1:0:59:Infinity":97,"f:66:32:66:Infinity":26,"s:65:54:70:48":98,"f:68:55:68:63":27,"s:68:63:68:Infinity":99,"b:75:24:1:Infinity:1:0:1:Infinity":39,"b:80:40:80:42:80:40:80:Infinity":40,"f:80:40:80:42":28,"s:80:42:80:65":100,"s:80:65:80:Infinity":101,"f:82:28:82:36":29,"s:82:65:83:Infinity":102,"f:82:42:82:56":30,"s:82:56:82:65":103,"b:82:56:82:65:82:56:82:65":41,"b:86:24:1:Infinity:1:0:1:Infinity":42,"f:87:28:87:36":31,"s:87:66:89:34":104,"f:87:42:87:57":32,"s:87:57:87:66":105,"b:87:57:87:66:87:57:87:66":43,"b:1:0:1:Infinity:1:0:89:34":44,"b:1:0:1:Infinity:1:0:96:Infinity":45,"s:1:0:96:Infinity":106,"b:103:31:103:33:103:31:103:Infinity":46,"f:103:31:103:33":33,"s:103:33:103:Infinity":107}}}
,"C:\\Users\\andob\\Documents\\SAE\\Env_Docker\\GIMAO\\frontend\\src\\components\\Forms\\MagasinForm.vue": {"path":"C:\\Users\\andob\\Documents\\SAE\\Env_Docker\\GIMAO\\frontend\\src\\components\\Forms\\MagasinForm.vue","statementMap":{"0":{"start":{"line":100,"column":13},"end":{"line":100,"column":57}},"1":{"start":{"line":102,"column":14},"end":{"line":102,"column":null}},"2":{"start":{"line":109,"column":18},"end":{"line":109,"column":50}},"3":{"start":{"line":109,"column":34},"end":{"line":109,"column":49}},"4":{"start":{"line":111,"column":16},"end":{"line":122,"column":2}},"5":{"start":{"line":124,"column":25},"end":{"line":132,"column":1}},"6":{"start":{"line":134,"column":15},"end":{"line":134,"column":26}},"7":{"start":{"line":135,"column":20},"end":{"line":135,"column":28}},"8":{"start":{"line":136,"column":22},"end":{"line":136,"column":30}},"9":{"start":{"line":138,"column":14},"end":{"line":140,"column":1}},"10":{"start":{"line":139,"column":4},"end":{"line":139,"column":17}},"11":{"start":{"line":143,"column":0},"end":{"line":158,"column":35}},"12":{"start":{"line":143,"column":12},"end":{"line":143,"column":25}},"13":{"start":{"line":144,"column":4},"end":{"line":157,"column":5}},"14":{"start":{"line":145,"column":8},"end":{"line":156,"column":9}},"15":{"start":{"line":160,"column":13},"end":{"line":199,"column":1}},"16":{"start":{"line":161,"column":4},"end":{"line":161,"column":24}},"17":{"start":{"line":162,"column":4},"end":{"line":162,"column":27}},"18":{"start":{"line":163,"column":4},"end":{"line":163,"column":29}},"19":{"start":{"line":165,"column":15},"end":{"line":165,"column":36}},"20":{"start":{"line":167,"column":4},"end":{"line":198,"column":5}},"21":{"start":{"line":169,"column":8},"end":{"line":188,"column":9}},"22":{"start":{"line":171,"column":12},"end":{"line":171,"column":87}},"23":{"start":{"line":172,"column":12},"end":{"line":172,"column":65}},"24":{"start":{"line":173,"column":12},"end":{"line":173,"column":64}},"25":{"start":{"line":174,"column":12},"end":{"line":174,"column":37}},"26":{"start":{"line":177,"column":12},"end":{"line":177,"column":66}},"27":{"start":{"line":178,"column":12},"end":{"line":178,"column":62}},"28":{"start":{"line":180,"column":31},"end":{"line":184,"column":13}},"29":{"start":{"line":186,"column":12},"end":{"line":186,"column":61}},"30":{"start":{"line":187,"column":12},"end":{"line":187,"column":39}},"31":{"start":{"line":190,"column":8},"end":{"line":192,"column":15}},"32":{"start":{"line":191,"column":12},"end":{"line":191,"column":25}},"33":{"start":{"line":194,"column":8},"end":{"line":194,"column":60}},"34":{"start":{"line":195,"column":8},"end":{"line":195,"column":71}},"35":{"start":{"line":197,"column":8},"end":{"line":197,"column":29}},"36":{"start":{"line":2,"column":4},"end":{"line":1,"column":null}},"37":{"start":{"line":1,"column":0},"end":{"line":3,"column":null}},"38":{"start":{"line":90,"column":16},"end":{"line":1,"column":null}},"39":{"start":{"line":21,"column":20},"end":{"line":1,"column":null}},"40":{"start":{"line":20,"column":18},"end":{"line":19,"column":null}},"41":{"start":{"line":1,"column":0},"end":{"line":16,"column":null}},"42":{"start":{"line":28,"column":18},"end":{"line":27,"column":null}},"43":{"start":{"line":1,"column":0},"end":{"line":25,"column":null}},"44":{"start":{"line":36,"column":34},"end":{"line":1,"column":null}},"45":{"start":{"line":36,"column":16},"end":{"line":36,"column":34}},"46":{"start":{"line":45,"column":18},"end":{"line":44,"column":null}},"47":{"start":{"line":1,"column":0},"end":{"line":41,"column":null}},"48":{"start":{"line":53,"column":18},"end":{"line":52,"column":null}},"49":{"start":{"line":1,"column":0},"end":{"line":49,"column":null}},"50":{"start":{"line":62,"column":18},"end":{"line":61,"column":null}},"51":{"start":{"line":1,"column":0},"end":{"line":58,"column":null}},"52":{"start":{"line":70,"column":18},"end":{"line":69,"column":null}},"53":{"start":{"line":1,"column":0},"end":{"line":66,"column":null}},"54":{"start":{"line":79,"column":18},"end":{"line":78,"column":null}},"55":{"start":{"line":1,"column":0},"end":{"line":75,"column":null}},"56":{"start":{"line":88,"column":18},"end":{"line":87,"column":null}},"57":{"start":{"line":1,"column":0},"end":{"line":84,"column":null}}},"fnMap":{"0":{"name":"(anonymous_0)","decl":{"start":{"line":109,"column":28},"end":{"line":109,"column":29}},"loc":{"start":{"line":109,"column":34},"end":{"line":109,"column":49}},"line":109},"1":{"name":"(anonymous_1)","decl":{"start":{"line":138,"column":14},"end":{"line":138,"column":15}},"loc":{"start":{"line":138,"column":20},"end":{"line":140,"column":1}},"line":138},"2":{"name":"(anonymous_2)","decl":{"start":{"line":143,"column":6},"end":{"line":143,"column":7}},"loc":{"start":{"line":143,"column":12},"end":{"line":143,"column":25}},"line":143},"3":{"name":"(anonymous_3)","decl":{"start":{"line":143,"column":27},"end":{"line":143,"column":28}},"loc":{"start":{"line":143,"column":43},"end":{"line":158,"column":1}},"line":143},"4":{"name":"(anonymous_4)","decl":{"start":{"line":160,"column":13},"end":{"line":160,"column":18}},"loc":{"start":{"line":160,"column":25},"end":{"line":199,"column":1}},"line":160},"5":{"name":"(anonymous_5)","decl":{"start":{"line":190,"column":19},"end":{"line":190,"column":20}},"loc":{"start":{"line":190,"column":25},"end":{"line":192,"column":9}},"line":190},"6":{"name":"(anonymous_6)","decl":{"start":{"line":1,"column":0},"end":{"line":1,"column":null}},"loc":{"start":{"line":1,"column":0},"end":{"line":3,"column":null}},"line":1},"7":{"name":"(anonymous_7)","decl":{"start":{"line":13,"column":8},"end":{"line":13,"column":15}},"loc":{"start":{"line":90,"column":16},"end":{"line":1,"column":null}},"line":90},"8":{"name":"(anonymous_8)","decl":{"start":{"line":14,"column":12},"end":{"line":14,"column":19}},"loc":{"start":{"line":21,"column":20},"end":{"line":1,"column":null}},"line":21},"9":{"name":"(anonymous_9)","decl":{"start":{"line":15,"column":16},"end":{"line":15,"column":null}},"loc":{"start":{"line":20,"column":18},"end":{"line":19,"column":null}},"line":20},"10":{"name":"(anonymous_10)","decl":{"start":{"line":24,"column":16},"end":{"line":24,"column":null}},"loc":{"start":{"line":28,"column":18},"end":{"line":27,"column":null}},"line":28},"11":{"name":"(anonymous_11)","decl":{"start":{"line":34,"column":16},"end":{"line":34,"column":33}},"loc":{"start":{"line":36,"column":34},"end":{"line":1,"column":null}},"line":36},"12":{"name":"(anonymous_12)","decl":{"start":{"line":34,"column":76},"end":{"line":34,"column":null}},"loc":{"start":{"line":36,"column":16},"end":{"line":36,"column":34}},"line":36},"13":{"name":"(anonymous_13)","decl":{"start":{"line":40,"column":16},"end":{"line":40,"column":null}},"loc":{"start":{"line":45,"column":18},"end":{"line":44,"column":null}},"line":45},"14":{"name":"(anonymous_14)","decl":{"start":{"line":48,"column":16},"end":{"line":48,"column":null}},"loc":{"start":{"line":53,"column":18},"end":{"line":52,"column":null}},"line":53},"15":{"name":"(anonymous_15)","decl":{"start":{"line":57,"column":16},"end":{"line":57,"column":null}},"loc":{"start":{"line":62,"column":18},"end":{"line":61,"column":null}},"line":62},"16":{"name":"(anonymous_16)","decl":{"start":{"line":65,"column":16},"end":{"line":65,"column":null}},"loc":{"start":{"line":70,"column":18},"end":{"line":69,"column":null}},"line":70},"17":{"name":"(anonymous_17)","decl":{"start":{"line":74,"column":16},"end":{"line":74,"column":null}},"loc":{"start":{"line":79,"column":18},"end":{"line":78,"column":null}},"line":79},"18":{"name":"(anonymous_18)","decl":{"start":{"line":83,"column":16},"end":{"line":83,"column":null}},"loc":{"start":{"line":88,"column":18},"end":{"line":87,"column":null}},"line":88}},"branchMap":{"0":{"loc":{"start":{"line":144,"column":4},"end":{"line":157,"column":5}},"type":"if","locations":[{"start":{"line":144,"column":4},"end":{"line":157,"column":5}},{"start":{},"end":{}}],"line":144},"1":{"loc":{"start":{"line":146,"column":17},"end":{"line":146,"column":37}},"type":"binary-expr","locations":[{"start":{"line":146,"column":17},"end":{"line":146,"column":31}},{"start":{"line":146,"column":35},"end":{"line":146,"column":37}}],"line":146},"2":{"loc":{"start":{"line":147,"column":23},"end":{"line":147,"column":52}},"type":"binary-expr","locations":[{"start":{"line":147,"column":23},"end":{"line":147,"column":43}},{"start":{"line":147,"column":47},"end":{"line":147,"column":52}}],"line":147},"3":{"loc":{"start":{"line":149,"column":24},"end":{"line":149,"column":56}},"type":"binary-expr","locations":[{"start":{"line":149,"column":24},"end":{"line":149,"column":50}},{"start":{"line":149,"column":54},"end":{"line":149,"column":56}}],"line":149},"4":{"loc":{"start":{"line":150,"column":21},"end":{"line":150,"column":50}},"type":"binary-expr","locations":[{"start":{"line":150,"column":21},"end":{"line":150,"column":44}},{"start":{"line":150,"column":48},"end":{"line":150,"column":50}}],"line":150},"5":{"loc":{"start":{"line":151,"column":23},"end":{"line":151,"column":54}},"type":"binary-expr","locations":[{"start":{"line":151,"column":23},"end":{"line":151,"column":48}},{"start":{"line":151,"column":52},"end":{"line":151,"column":54}}],"line":151},"6":{"loc":{"start":{"line":152,"column":29},"end":{"line":152,"column":66}},"type":"binary-expr","locations":[{"start":{"line":152,"column":29},"end":{"line":152,"column":60}},{"start":{"line":152,"column":64},"end":{"line":152,"column":66}}],"line":152},"7":{"loc":{"start":{"line":153,"column":22},"end":{"line":153,"column":52}},"type":"binary-expr","locations":[{"start":{"line":153,"column":22},"end":{"line":153,"column":46}},{"start":{"line":153,"column":50},"end":{"line":153,"column":52}}],"line":153},"8":{"loc":{"start":{"line":154,"column":28},"end":{"line":154,"column":66}},"type":"binary-expr","locations":[{"start":{"line":154,"column":28},"end":{"line":154,"column":58}},{"start":{"line":154,"column":62},"end":{"line":154,"column":66}}],"line":154},"9":{"loc":{"start":{"line":169,"column":8},"end":{"line":188,"column":9}},"type":"if","locations":[{"start":{"line":169,"column":8},"end":{"line":188,"column":9}},{"start":{"line":175,"column":15},"end":{"line":188,"column":9}}],"line":169},"10":{"loc":{"start":{"line":195,"column":29},"end":{"line":195,"column":71}},"type":"binary-expr","locations":[{"start":{"line":195,"column":29},"end":{"line":195,"column":42}},{"start":{"line":195,"column":46},"end":{"line":195,"column":71}}],"line":195},"11":{"loc":{"start":{"line":1,"column":0},"end":{"line":3,"column":null}},"type":"binary-expr","locations":[{"start":{"line":1,"column":0},"end":{"line":1,"column":null}},{"start":{"line":1,"column":0},"end":{"line":3,"column":null}}],"line":1},"12":{"loc":{"start":{"line":4,"column":16},"end":{"line":4,"column":null}},"type":"cond-expr","locations":[{"start":{"line":4,"column":26},"end":{"line":4,"column":null}},{"start":{"line":4,"column":26},"end":{"line":4,"column":null}}],"line":4},"13":{"loc":{"start":{"line":1,"column":0},"end":{"line":16,"column":null}},"type":"binary-expr","locations":[{"start":{"line":1,"column":0},"end":{"line":1,"column":null}},{"start":{"line":1,"column":0},"end":{"line":16,"column":null}}],"line":1},"14":{"loc":{"start":{"line":1,"column":0},"end":{"line":25,"column":null}},"type":"binary-expr","locations":[{"start":{"line":1,"column":0},"end":{"line":1,"column":null}},{"start":{"line":1,"column":0},"end":{"line":25,"column":null}}],"line":1},"15":{"loc":{"start":{"line":36,"column":16},"end":{"line":36,"column":34}},"type":"binary-expr","locations":[{"start":{"line":36,"column":16},"end":{"line":36,"column":34}},{"start":{"line":36,"column":16},"end":{"line":36,"column":34}}],"line":36},"16":{"loc":{"start":{"line":1,"column":0},"end":{"line":41,"column":null}},"type":"binary-expr","locations":[{"start":{"line":1,"column":0},"end":{"line":1,"column":null}},{"start":{"line":1,"column":0},"end":{"line":41,"column":null}}],"line":1},"17":{"loc":{"start":{"line":1,"column":0},"end":{"line":49,"column":null}},"type":"binary-expr","locations":[{"start":{"line":1,"column":0},"end":{"line":1,"column":null}},
[...]
,"C:\\Users\\andob\\Documents\\SAE\\Env_Docker\\GIMAO\\frontend\\src\\utils\\helpers.js": {"path":"C:\\Users\\andob\\Documents\\SAE\\Env_Docker\\GIMAO\\frontend\\src\\utils\\helpers.js","statementMap":{"0":{"start":{"line":17,"column":2},"end":{"line":17,"column":49}},"1":{"start":{"line":26,"column":2},"end":{"line":26,"column":45}},"2":{"start":{"line":36,"column":2},"end":{"line":36,"column":50}},"3":{"start":{"line":45,"column":2},"end":{"line":45,"column":58}},"4":{"start":{"line":58,"column":2},"end":{"line":58,"column":41}},"5":{"start":{"line":58,"column":19},"end":{"line":58,"column":41}},"6":{"start":{"line":59,"column":15},"end":{"line":59,"column":35}},"7":{"start":{"line":60,"column":2},"end":{"line":64,"column":5}},"8":{"start":{"line":73,"column":2},"end":{"line":73,"column":41}},"9":{"start":{"line":73,"column":19},"end":{"line":73,"column":41}},"10":{"start":{"line":74,"column":15},"end":{"line":74,"column":35}},"11":{"start":{"line":75,"column":2},"end":{"line":81,"column":5}},"12":{"start":{"line":92,"column":2},"end":{"line":92,"column":39}},"13":{"start":{"line":92,"column":17},"end":{"line":92,"column":39}},"14":{"start":{"line":94,"column":19},"end":{"line":94,"column":42}},"15":{"start":{"line":95,"column":16},"end":{"line":95,"column":89}},"16":{"start":{"line":96,"column":2},"end":{"line":96,"column":30}},"17":{"start":{"line":96,"column":14},"end":{"line":96,"column":30}},"18":{"start":{"line":98,"column":15},"end":{"line":98,"column":36}},"19":{"start":{"line":99,"column":16},"end":{"line":99,"column":37}},"20":{"start":{"line":100,"column":18},"end":{"line":100,"column":39}},"21":{"start":{"line":101,"column":18},"end":{"line":101,"column":39}},"22":{"start":{"line":102,"column":21},"end":{"line":102,"column":40}},"23":{"start":{"line":104,"column":15},"end":{"line":104,"column":17}},"24":{"start":{"line":105,"column":2},"end":{"line":105,"column":50}},"25":{"start":{"line":105,"column":22},"end":{"line":105,"column":50}},"26":{"start":{"line":106,"column":2},"end":{"line":106,"column":44}},"27":{"start":{"line":106,"column":19},"end":{"line":106,"column":44}},"28":{"start":{"line":107,"column":2},"end":{"line":107,"column":43}},"29":{"start":{"line":107,"column":19},"end":{"line":107,"column":43}},"30":{"start":{"line":109,"column":2},"end":{"line":109,"column":34}},"31":{"start":{"line":109,"column":22},"end":{"line":109,"column":34}},"32":{"start":{"line":111,"column":2},"end":{"line":111,"column":23}},"33":{"start":{"line":119,"column":32},"end":{"line":136,"column":1}},"34":{"start":{"line":120,"column":1},"end":{"line":120,"column":54}},"35":{"start":{"line":120,"column":44},"end":{"line":120,"column":54}},"36":{"start":{"line":121,"column":18},"end":{"line":121,"column":38}},"37":{"start":{"line":122,"column":1},"end":{"line":122,"column":26}},"38":{"start":{"line":122,"column":16},"end":{"line":122,"column":26}},"39":{"start":{"line":124,"column":16},"end":{"line":124,"column":83}},"40":{"start":{"line":125,"column":1},"end":{"line":125,"column":23}},"41":{"start":{"line":125,"column":13},"end":{"line":125,"column":23}},"42":{"start":{"line":127,"column":14},"end":{"line":127,"column":35}},"43":{"start":{"line":128,"column":15},"end":{"line":128,"column":36}},"44":{"start":{"line":129,"column":17},"end":{"line":129,"column":38}},"45":{"start":{"line":130,"column":1},"end":{"line":130,"column":95}},"46":{"start":{"line":130,"column":85},"end":{"line":130,"column":95}},"47":{"start":{"line":132,"column":20},"end":{"line":132,"column":39}},"48":{"start":{"line":133,"column":2},"end":{"line":133,"column":30}},"49":{"start":{"line":133,"column":20},"end":{"line":133,"column":30}},"50":{"start":{"line":135,"column":2},"end":{"line":135,"column":69}}},"fnMap":{"0":{"name":"getStatusColor","decl":{"start":{"line":16,"column":16},"end":{"line":16,"column":30}},"loc":{"start":{"line":16,"column":37},"end":{"line":18,"column":1}},"line":16},"1":{"name":"getStatusLabel","decl":{"start":{"line":25,"column":16},"end":{"line":25,"column":30}},"loc":{"start":{"line":25,"column":37},"end":{"line":27,"column":1}},"line":25},"2":{"name":"getFailureLevelColor","decl":{"start":{"line":35,"column":16},"end":{"line":35,"column":36}},"loc":{"start":{"line":35,"column":44},"end":{"line":37,"column":1}},"line":35},"3":{"name":"getInterventionStatusColor","decl":{"start":{"line":44,"column":16},"end":{"line":44,"column":42}},"loc":{"start":{"line":44,"column":55},"end":{"line":46,"column":1}},"line":44},"4":{"name":"formatDate","decl":{"start":{"line":57,"column":16},"end":{"line":57,"column":26}},"loc":{"start":{"line":57,"column":39},"end":{"line":65,"column":1}},"line":57},"5":{"name":"formatDateTime","decl":{"start":{"line":72,"column":16},"end":{"line":72,"column":30}},"loc":{"start":{"line":72,"column":43},"end":{"line":82,"column":1}},"line":72},"6":{"name":"formatDuration","decl":{"start":{"line":91,"column":16},"end":{"line":91,"column":30}},"loc":{"start":{"line":91,"column":41},"end":{"line":112,"column":1}},"line":91},"7":{"name":"(anonymous_7)","decl":{"start":{"line":119,"column":32},"end":{"line":119,"column":33}},"loc":{"start":{"line":119,"column":43},"end":{"line":136,"column":1}},"line":119}},"branchMap":{"0":{"loc":{"start":{"line":17,"column":9},"end":{"line":17,"column":48}},"type":"binary-expr","locations":[{"start":{"line":17,"column":9},"end":{"line":17,"column":38}},{"start":{"line":17,"column":42},"end":{"line":17,"column":48}}],"line":17},"1":{"loc":{"start":{"line":26,"column":9},"end":{"line":26,"column":44}},"type":"binary-expr","locations":[{"start":{"line":26,"column":9},"end":{"line":26,"column":31}},{"start":{"line":26,"column":35},"end":{"line":26,"column":44}}],"line":26},"2":{"loc":{"start":{"line":36,"column":9},"end":{"line":36,"column":49}},"type":"binary-expr","locations":[{"start":{"line":36,"column":9},"end":{"line":36,"column":39}},{"start":{"line":36,"column":43},"end":{"line":36,"column":49}}],"line":36},"3":{"loc":{"start":{"line":45,"column":9},"end":{"line":45,"column":57}},"type":"binary-expr","locations":[{"start":{"line":45,"column":9},"end":{"line":45,"column":47}},{"start":{"line":45,"column":51},"end":{"line":45,"column":57}}],"line":45},"4":{"loc":{"start":{"line":58,"column":2},"end":{"line":58,"column":41}},"type":"if","locations":[{"start":{"line":58,"column":2},"end":{"line":58,"column":41}},{"start":{},"end":{}}],"line":58},"5":{"loc":{"start":{"line":73,"column":2},"end":{"line":73,"column":41}},"type":"if","locations":[{"start":{"line":73,"column":2},"end":{"line":73,"column":41}},{"start":{},"end":{}}],"line":73},"6":{"loc":{"start":{"line":92,"column":2},"end":{"line":92,"column":39}},"type":"if","locations":[{"start":{"line":92,"column":2},"end":{"line":92,"column":39}},{"start":{},"end":{}}],"line":92},"7":{"loc":{"start":{"line":96,"column":2},"end":{"line":96,"column":30}},"type":"if","locations":[{"start":{"line":96,"column":2},"end":{"line":96,"column":30}},{"start":{},"end":{}}],"line":96},"8":{"loc":{"start":{"line":98,"column":22},"end":{"line":98,"column":35}},"type":"binary-expr","locations":[{"start":{"line":98,"column":22},"end":{"line":98,"column":30}},{"start":{"line":98,"column":34},"end":{"line":98,"column":35}}],"line":98},"9":{"loc":{"start":{"line":99,"column":23},"end":{"line":99,"column":36}},"type":"binary-expr","locations":[{"start":{"line":99,"column":23},"end":{"line":99,"column":31}},{"start":{"line":99,"column":35},"end":{"line":99,"column":36}}],"line":99},"10":{"loc":{"start":{"line":100,"column":25},"end":{"line":100,"column":38}},"type":"binary-expr","locations":[{"start":{"line":100,"column":25},"end":{"line":100,"column":33}},{"start":{"line":100,"column":37},"end":{"line":100,"column":38}}],"line":100},"11":{"loc":{"start":{"line":101,"column":25},"end":{"line":101,"column":38}},"type":"binary-expr","locations":[{"start":{"line":101,"column":25},"end":{"line":101,"column":33}},{"start":{"line":101,"column":37},"end":{"line":101,"column":38}}],"line":101},"12":{"loc":{"start":{"line":105,"column":2},"end":{"line":105,"column":50}},"type":"if","locations":[{"start":{"line":105,"column":2},"end":{"line":105,"column":50}},{"start":{},"end":{}}],"line":105},"13":{"loc":{"start":{"line":106,"column":2},"end":{"line":106,"column":44}},"type":"if","locations":[{"start":{"line":106,"column":2},"end":{"line":106,"column":44}},{"start":{},"end":{}}],"line":106},"14":{"loc":{"start":{"line":107,"column":2},"end":{"line":107,"column":43}},"type":"if","locations":[{"start":{"line":107,"column":2},"end":{"line":107,"column":43}},{"start":{},"end":{}}],"line":107},"15":{"loc":{"start":{"line":109,"column":2},"end":{"line":109,"column":34}},"type":"if","locations":[{"start":{"line":109,"column":2},"end":{"line":109,"column":34}},{"start":{},"end":{}}],"line":109},"16":{"loc":{"start":{"line":120,"column":1},"end":{"line":120,"column":54}},"type":"if","locations":[{"start":{"line":120,"column":1},"end":{"line":120,"column":54}},{"start":{},"end":{}}],"line":120},"17":{"loc":{"start":{"line":120,"column":5},"end":{"line":120,"column":42}},"type":"binary-expr","locations":[{"start":{"line":120,"column":5},"end":{"line":120,"column":19}},{"start":{"line":120,"column":23},"end":{"line":120,"column":42}}],"line":120},"18":{"loc":{"start":{"line":122,"column":1},"end":{"line":122,"column":26}},"type":"if","locations":[{"start":{"line":122,"column":1},"end":{"line":122,"column":26}},{"start":{},"end":{}}],"line":122},"19":{"loc":{"start":{"line":125,"column":1},"end":{"line":125,"column":23}},"type":"if","locations":[{"start":{"line":125,"column":1},"end":{"line":125,"column":23}},{"start":{},"end":{}}],"line":125},"20":{"loc":{"start":{"line":127,"column":21},"end":{"line":127,"column":34}},"type":"binary-expr","locations":[{"start":{"line":127,"column":21},"end":{"line":127,"column":29}},{"start":{"line":127,"column":33},"end":{"line":127,"column":34}}],"line":127},"21":{"loc":{"start":{"line":128,"column":22},"end":{"line":128,"column":35}},"type":"binary-expr","locations":[{"start":{"line":128,"column":22},"end":{"line":128,"column":30}},{"start":{"line":128,"column":34},"end":{"line":128,"column":35}}],"line":128},"22":{"loc":{"start":{"line":129,"column":24},"end":{"line":129,"column":37}},"type":"binary-expr","locations":[{"start":{"line":129,"column":24},"end":{"line":129,"column":32}},{"start":{"line":129,"column":36},"end":{"line":129,"column":37}}],"line":129},"23":{"loc":{"start":{"line":130,"column":1},"end":{"line":130,"column":95}},"type":"if","locations":[{"start":{"line":130,"column":1},"end":{"line":130,"column":95}},{"start":{},"end":{}}],"line":130},"24":{"loc":{"start":{"line":130,"column":5},"end":{"line":130,"column":83}},"type":"binary-expr","locations":[{"start":{"line":130,"column":5},"end":{"line":130,"column":27}},{"start":{"line":130,"column":31},"end":{"line":130,"column":54}},{"start":{"line":130,"column":58},"end":{"line":130,"column":83}}],"line":130},"25":{"loc":{"start":{"line":133,"column":2},"end":{"line":133,"column":30}},"type":"if","locations":[{"start":{"line":133,"column":2},"end":{"line":133,"column":30}},{"start":{},"end":{}}],"line":133}},"s":{"0":4,"1":4,"2":0,"3":0,"4":0,"5":0,"6":0,"7":0,"8":0,"9":0,"10":0,"11":0,"12":0,"13":0,"14":0,"15":0,"16":0,"17":0,"18":0,"19":0,"20":0,"21":0,"22":0,"23":0,"24":0,"25":0,"26":0,"27":0,"28":0,"29":0,"30":0,"31":0,"32":0,"33":1,"34":0,"35":0,"36":0,"37":0,"38":0,"39":0,"40":0,"41":0,"42":0,"43":0,"44":0,"45":0,"46":0,"47":0,"48":0,"49":0,"50":0},"f":{"0":4,"1":4,"2":0,"3":0,"4":0,"5":0,"6":0,"7":0},"b":{"0":[4,0],"1":[4,0],"2":[0,0],"3":[0,0],"4":[0,0],"5":[0,0],"6":[0,0],"7":[0,0],"8":[0,0],"9":[0,0],"10":[0,0],"11":[0,0],"12":[0,0],"13":[0,0],"14":[0,0],"15":[0,0],"16":[0,0],"17":[0,0],"18":[0,0],"19":[0,0],"20":[0,0],"21":[0,0],"22":[0,0],"23":[0,0],"24":[0,0,0],"25":[0,0]},"meta":{"lastBranch":26,"lastFunction":8,"lastStatement":51,"seen":{"f:16:16:16:30":0,"s:17:2:17:49":0,"b:17:9:17:38:17:42:17:48":0,"f:25:16:25:30":1,"s:26:2:26:45":1,"b:26:9:26:31:26:35:26:44":1,"f:35:16:35:36":2,"s:36:2:36:50":2,"b:36:9:36:39:36:43:36:49":2,"f:44:16:44:42":3,"s:45:2:45:58":3,"b:45:9:45:47:45:51:45:57":3,"f:57:16:57:26":4,"b:58:2:58:41:undefined:undefined:undefined:undefined":4,"s:58:2:58:41":4,"s:58:19:58:41":5,"s:59:15:59:35":6,"s:60:2:64:5":7,"f:72:16:72:30":5,"b:73:2:73:41:undefined:undefined:undefined:undefined":5,"s:73:2:73:41":8,"s:73:19:73:41":9,"s:74:15:74:35":10,"s:75:2:81:5":11,"f:91:16:91:30":6,"b:92:2:92:39:undefined:undefined:undefined:undefined":6,"s:92:2:92:39":12,"s:92:17:92:39":13,"s:94:19:94:42":14,"s:95:16:95:89":15,"b:96:2:96:30:undefined:undefined:undefined:undefined":7,"s:96:2:96:30":16,"s:96:14:96:30":17,"s:98:15:98:36":18,"b:98:22:98:30:98:34:98:35":8,"s:99:16:99:37":19,"b:99:23:99:31:99:35:99:36":9,"s:100:18:100:39":20,"b:100:25:100:33:100:37:100:38":10,"s:101:18:101:39":21,"b:101:25:101:33:101:37:101:38":11,"s:102:21:102:40":22,"s:104:15:104:17":23,"b:105:2:105:50:undefined:undefined:undefined:undefined":12,"s:105:2:105:50":24,"s:105:22:105:50":25,"b:106:2:106:44:undefined:undefined:undefined:undefined":13,"s:106:2:106:44":26,"s:106:19:106:44":27,"b:107:2:107:43:undefined:undefined:undefined:undefined":14,"s:107:2:107:43":28,"s:107:19:107:43":29,"b:109:2:109:34:undefined:undefined:undefined:undefined":15,"s:109:2:109:34":30,"s:109:22:109:34":31,"s:111:2:111:23":32,"s:119:32:136:1":33,"f:119:32:119:33":7,"b:120:1:120:54:undefined:undefined:undefined:undefined":16,"s:120:1:120:54":34,"b:120:5:120:19:120:23:120:42":17,"s:120:44:120:54":35,"s:121:18:121:38":36,"b:122:1:122:26:undefined:undefined:undefined:undefined":18,"s:122:1:122:26":37,"s:122:16:122:26":38,"s:124:16:124:83":39,"b:125:1:125:23:undefined:undefined:undefined:undefined":19,"s:125:1:125:23":40,"s:125:13:125:23":41,"s:127:14:127:35":42,"b:127:21:127:29:127:33:127:34":20,"s:128:15:128:36":43,"b:128:22:128:30:128:34:128:35":21,"s:129:17:129:38":44,"b:129:24:129:32:129:36:129:37":22,"b:130:1:130:95:undefined:undefined:undefined:undefined":23,"s:130:1:130:95":45,"b:130:5:130:27:130:31:130:54:130:58:130:83":24,"s:130:85:130:95":46,"s:132:20:132:39":47,"b:133:2:133:30:undefined:undefined:undefined:undefined":25,"s:133:2:133:30":48,"s:133:20:133:30":49,"s:135:2:135:69":50}}}
,"C:\\Users\\andob\\Documents\\SAE\\Env_Docker\\GIMAO\\frontend\\src\\utils\\paginatedApi.js": {"path":"C:\\Users\\andob\\Documents\\SAE\\Env_Docker\\GIMAO\\frontend\\src\\utils\\paginatedApi.js","statementMap":{"0":{"start":{"line":1,"column":26},"end":{"line":1,"column":29}},"1":{"start":{"line":3,"column":28},"end":{"line":13,"column":1}},"2":{"start":{"line":4,"column":2},"end":{"line":6,"column":3}},"3":{"start":{"line":5,"column":4},"end":{"line":5,"column":19}},"4":{"start":{"line":8,"column":2},"end":{"line":10,"column":3}},"5":{"start":{"line":9,"column":4},"end":{"line":9,"column":27}},"6":{"start":{"line":12,"column":2},"end":{"line":12,"column":12}},"7":{"start":{"line":15,"column":34},"end":{"line":19,"column":38}},"8":{"start":{"line":16,"column":2},"end":{"line":19,"column":38}},"9":{"start":{"line":21,"column":29},"end":{"line":55,"column":1}},"10":{"start":{"line":26,"column":24},"end":{"line":30,"column":4}},"11":{"start":{"line":32,"column":21},"end":{"line":32,"column":48}},"12":{"start":{"line":33,"column":2},"end":{"line":35,"column":3}},"13":{"start":{"line":34,"column":4},"end":{"line":34,"column":22}},"14":{"start":{"line":37,"column":21},"end":{"line":37,"column":69}},"15":{"start":{"line":38,"column":21},"end":{"line":38,"column":66}},"16":{"start":{"line":40,"column":2},"end":{"line":42,"column":3}},"17":{"start":{"line":41,"column":4},"end":{"line":41,"column":22}},"18":{"start":{"line":44,"column":29},"end":{"line":52,"column":3}},"19":{"start":{"line":46,"column":6},"end":{"line":50,"column":8}},"20":{"start":{"line":54,"column":2},"end":{"line":54,"column":70}}},"fnMap":{"0":{"name":"(anonymous_0)","decl":{"start":{"line":3,"column":28},"end":{"line":3,"column":29}},"loc":{"start":{"line":3,"column":41},"end":{"line":13,"column":1}},"line":3},"1":{"name":"(anonymous_1)","decl":{"start":{"line":15,"column":34},"end":{"line":15,"column":35}},"loc":{"start":{"line":16,"column":2},"end":{"line":19,"column":38}},"line":16},"2":{"name":"(anonymous_2)","decl":{"start":{"line":21,"column":29},"end":{"line":21,"column":34}},"loc":{"start":{"line":25,"column":5},"end":{"line":55,"column":1}},"line":25},"3":{"name":"(anonymous_3)","decl":{"start":{"line":45,"column":43},"end":{"line":45,"column":44}},"loc":{"start":{"line":46,"column":6},"end":{"line":50,"column":8}},"line":46}},"branchMap":{"0":{"loc":{"start":{"line":4,"column":2},"end":{"line":6,"column":3}},"type":"if","locations":[{"start":{"line":4,"column":2},"end":{"line":6,"column":3}},{"start":{},"end":{}}],"line":4},"1":{"loc":{"start":{"line":8,"column":2},"end":{"line":10,"column":3}},"type":"if","locations":[{"start":{"line":8,"column":2},"end":{"line":10,"column":3}},{"start":{},"end":{}}],"line":8},"2":{"loc":{"start":{"line":8,"column":6},"end":{"line":8,"column":47}},"type":"binary-expr","locations":[{"start":{"line":8,"column":6},"end":{"line":8,"column":13}},{"start":{"line":8,"column":17},"end":{"line":8,"column":47}}],"line":8},"3":{"loc":{"start":{"line":16,"column":2},"end":{"line":19,"column":38}},"type":"binary-expr","locations":[{"start":{"line":16,"column":2},"end":{"line":16,"column":18}},{"start":{"line":17,"column":2},"end":{"line":17,"column":25}},{"start":{"line":18,"column":2},"end":{"line":18,"column":32}},{"start":{"line":19,"column":2},"end":{"line":19,"column":38}}],"line":16},"4":{"loc":{"start":{"line":24,"column":2},"end":{"line":24,"column":52}},"type":"default-arg","locations":[{"start":{"line":24,"column":50},"end":{"line":24,"column":52}}],"line":24},"5":{"loc":{"start":{"line":24,"column":4},"end":{"line":24,"column":15}},"type":"default-arg","locations":[{"start":{"line":24,"column":13},"end":{"line":24,"column":15}}],"line":24},"6":{"loc":{"start":{"line":24,"column":17},"end":{"line":24,"column":45}},"type":"default-arg","locations":[{"start":{"line":24,"column":28},"end":{"line":24,"column":45}}],"line":24},"7":{"loc":{"start":{"line":33,"column":2},"end":{"line":35,"column":3}},"type":"if","locations":[{"start":{"line":33,"column":2},"end":{"line":35,"column":3}},{"start":{},"end":{}}],"line":33},"8":{"loc":{"start":{"line":37,"column":28},"end":{"line":37,"column":68}},"type":"binary-expr","locations":[{"start":{"line":37,"column":28},"end":{"line":37,"column":47}},{"start":{"line":37,"column":51},"end":{"line":37,"column":68}}],"line":37},"9":{"loc":{"start":{"line":40,"column":2},"end":{"line":42,"column":3}},"type":"if","locations":[{"start":{"line":40,"column":2},"end":{"line":42,"column":3}},{"start":{},"end":{}}],"line":40}},"s":{"0":1,"1":1,"2":8,"3":6,"4":2,"5":2,"6":0,"7":1,"8":0,"9":1,"10":0,"11":0,"12":0,"13":0,"14":0,"15":0,"16":0,"17":0,"18":0,"19":0,"20":0},"f":{"0":8,"1":0,"2":0,"3":0},"b":{"0":[6,2],"1":[2,0],"2":[2,2],"3":[0,0,0,0],"4":[0],"5":[0],"6":[0],"7":[0,0],"8":[0,0],"9":[0,0]},"meta":{"lastBranch":10,"lastFunction":4,"lastStatement":21,"seen":{"s:1:26:1:29":0,"s:3:28:13:1":1,"f:3:28:3:29":0,"b:4:2:6:3:undefined:undefined:undefined:undefined":0,"s:4:2:6:3":2,"s:5:4:5:19":3,"b:8:2:10:3:undefined:undefined:undefined:undefined":1,"s:8:2:10:3":4,"b:8:6:8:13:8:17:8:47":2,"s:9:4:9:27":5,"s:12:2:12:12":6,"s:15:34:19:38":7,"f:15:34:15:35":1,"s:16:2:19:38":8,"b:16:2:16:18:17:2:17:25:18:2:18:32:19:2:19:38":3,"s:21:29:55:1":9,"f:21:29:21:34":2,"b:24:50:24:52":4,"b:24:13:24:15":5,"b:24:28:24:45":6,"s:26:24:30:4":10,"s:32:21:32:48":11,"b:33:2:35:3:undefined:undefined:undefined:undefined":7,"s:33:2:35:3":12,"s:34:4:34:22":13,"s:37:21:37:69":14,"b:37:28:37:47:37:51:37:68":8,"s:38:21:38:66":15,"b:40:2:42:3:undefined:undefined:undefined:undefined":9,"s:40:2:42:3":16,"s:41:4:41:22":17,"s:44:29:52:3":18,"f:45:43:45:44":3,"s:46:6:50:8":19,"s:54:2:54:70":20}}}
}
